[    0.000000] Initializing cgroup subsys cpuset
[    0.000000] Initializing cgroup subsys cpu
[    0.000000] Initializing cgroup subsys cpuacct
[    0.000000] Linux version 4.4.0-210-generic (buildd@lgw01-amd64-009) (gcc version 5.4.0 20160609 (Ubuntu 5.4.0-6ubuntu1~16.04.12) ) #242-Ubuntu SMP Fri Apr 16 09:57:56 UTC 2021 (Ubuntu 4.4.0-210.242-generic 4.4.262)
[    0.000000] Command line: BOOT_IMAGE=/boot/vmlinuz-4.4.0-210-generic root=LABEL=cloudimg-rootfs ro console=tty1 console=ttyS0
[    0.000000] KERNEL supported cpus:
[    0.000000]   Intel GenuineIntel
[    0.000000]   AMD AuthenticAMD
[    0.000000]   Centaur CentaurHauls
[    0.000000] x86/fpu: Legacy x87 FPU detected.
[    0.000000] e820: BIOS-provided physical RAM map:
[    0.000000] BIOS-e820: [mem 0x0000000000000000-0x000000000009fbff] usable
[    0.000000] BIOS-e820: [mem 0x000000000009fc00-0x000000000009ffff] reserved
[    0.000000] BIOS-e820: [mem 0x00000000000f0000-0x00000000000fffff] reserved
[    0.000000] BIOS-e820: [mem 0x0000000000100000-0x000000007ffeffff] usable
[    0.000000] BIOS-e820: [mem 0x000000007fff0000-0x000000007fffffff] ACPI data
[    0.000000] BIOS-e820: [mem 0x00000000fec00000-0x00000000fec00fff] reserved
[    0.000000] BIOS-e820: [mem 0x00000000fee00000-0x00000000fee00fff] reserved
[    0.000000] BIOS-e820: [mem 0x00000000fffc0000-0x00000000ffffffff] reserved
[    0.000000] NX (Execute Disable) protection: active
[    0.000000] SMBIOS 2.5 present.
[    0.000000] Hypervisor detected: KVM
[    0.000000] Kernel/User page tables isolation: disabled
[    0.000000] e820: last_pfn = 0x7fff0 max_arch_pfn = 0x400000000
[    0.000000] MTRR: Disabled
[    0.000000] x86/PAT: MTRRs disabled, skipping PAT initialization too.
[    0.000000] CPU MTRRs all blank - virtualized system.
[    0.000000] x86/PAT: Configuration [0-7]: WB  WT  UC- UC  WB  WT  UC- UC  
[    0.000000] found SMP MP-table at [mem 0x0009fff0-0x0009ffff] mapped at [ffff88000009fff0]
[    0.000000] Scanning 1 areas for low memory corruption
[    0.000000] RAMDISK: [mem 0x362dc000-0x37165fff]
[    0.000000] ACPI: Early table checksum verification disabled
[    0.000000] ACPI: RSDP 0x00000000000E0000 000024 (v02 VBOX  )
[    0.000000] ACPI: XSDT 0x000000007FFF0030 00003C (v01 VBOX   VBOXXSDT 00000001 ASL  00000061)
[    0.000000] ACPI: FACP 0x000000007FFF00F0 0000F4 (v04 VBOX   VBOXFACP 00000001 ASL  00000061)
[    0.000000] ACPI: DSDT 0x000000007FFF0610 002353 (v02 VBOX   VBOXBIOS 00000002 INTL 20100528)
[    0.000000] ACPI: FACS 0x000000007FFF0200 000040
[    0.000000] ACPI: FACS 0x000000007FFF0200 000040
[    0.000000] ACPI: APIC 0x000000007FFF0240 00005C (v02 VBOX   VBOXAPIC 00000001 ASL  00000061)
[    0.000000] ACPI: SSDT 0x000000007FFF02A0 00036C (v01 VBOX   VBOXCPUT 00000002 INTL 20100528)
[    0.000000] No NUMA configuration found
[    0.000000] Faking a node at [mem 0x0000000000000000-0x000000007ffeffff]
[    0.000000] NODE_DATA(0) allocated [mem 0x7ffeb000-0x7ffeffff]
[    0.000000] kvm-clock: Using msrs 4b564d01 and 4b564d00
[    0.000000] kvm-clock: cpu 0, msr 0:7ffe3001, primary cpu clock
[    0.000000] kvm-clock: using sched offset of 5822239129 cycles
[    0.000000] clocksource: kvm-clock: mask: 0xffffffffffffffff max_cycles: 0x1cd42e4dffb, max_idle_ns: 881590591483 ns
[    0.000000] Zone ranges:
[    0.000000]   DMA      [mem 0x0000000000001000-0x0000000000ffffff]
[    0.000000]   DMA32    [mem 0x0000000001000000-0x000000007ffeffff]
[    0.000000]   Normal   empty
[    0.000000]   Device   empty
[    0.000000] Movable zone start for each node
[    0.000000] Early memory node ranges
[    0.000000]   node   0: [mem 0x0000000000001000-0x000000000009efff]
[    0.000000]   node   0: [mem 0x0000000000100000-0x000000007ffeffff]
[    0.000000] Initmem setup node 0 [mem 0x0000000000001000-0x000000007ffeffff]
[    0.000000] ACPI: PM-Timer IO Port: 0x4008
[    0.000000] IOAPIC[0]: apic_id 2, version 32, address 0xfec00000, GSI 0-23
[    0.000000] ACPI: INT_SRC_OVR (bus 0 bus_irq 0 global_irq 2 dfl dfl)
[    0.000000] ACPI: INT_SRC_OVR (bus 0 bus_irq 9 global_irq 9 low level)
[    0.000000] Using ACPI (MADT) for SMP configuration information
[    0.000000] smpboot: Allowing 2 CPUs, 0 hotplug CPUs
[    0.000000] PM: Registered nosave memory: [mem 0x00000000-0x00000fff]
[    0.000000] PM: Registered nosave memory: [mem 0x0009f000-0x0009ffff]
[    0.000000] PM: Registered nosave memory: [mem 0x000a0000-0x000effff]
[    0.000000] PM: Registered nosave memory: [mem 0x000f0000-0x000fffff]
[    0.000000] e820: [mem 0x80000000-0xfebfffff] available for PCI devices
[    0.000000] Booting paravirtualized kernel on KVM
[    0.000000] clocksource: refined-jiffies: mask: 0xffffffff max_cycles: 0xffffffff, max_idle_ns: 7645519600211568 ns
[    0.000000] setup_percpu: NR_CPUS:512 nr_cpumask_bits:512 nr_cpu_ids:2 nr_node_ids:1
[    0.000000] PERCPU: Embedded 33 pages/cpu @ffff88007fc00000 s95192 r8192 d31784 u1048576
[    0.000000] Built 1 zonelists in Node order, mobility grouping on.  Total pages: 515960
[    0.000000] Policy zone: DMA32
[    0.000000] Kernel command line: BOOT_IMAGE=/boot/vmlinuz-4.4.0-210-generic root=LABEL=cloudimg-rootfs ro console=tty1 console=ttyS0
[    0.000000] PID hash table entries: 4096 (order: 3, 32768 bytes)
[    0.000000] Memory: 2029984K/2096696K available (8644K kernel code, 1332K rwdata, 4044K rodata, 1492K init, 1164K bss, 66712K reserved, 0K cma-reserved)
[    0.000000] SLUB: HWalign=64, Order=0-3, MinObjects=0, CPUs=2, Nodes=1
[    0.000000] Hierarchical RCU implementation.
[    0.000000] 	Build-time adjustment of leaf fanout to 64.
[    0.000000] 	RCU restricting CPUs from NR_CPUS=512 to nr_cpu_ids=2.
[    0.000000] RCU: Adjusting geometry for rcu_fanout_leaf=64, nr_cpu_ids=2
[    0.000000] NR_IRQS:33024 nr_irqs:440 16
[    0.000000] Console: colour VGA+ 80x25
[    0.000000] console [tty1] enabled
[    0.000000] console [ttyS0] enabled
[    0.000000] tsc: Detected 1190.402 MHz processor
[    0.700006] Calibrating delay loop (skipped) preset value.. 2380.80 BogoMIPS (lpj=4761608)
[    0.708753] pid_max: default: 32768 minimum: 301
[    0.713954] ACPI: Core revision 20150930
[    0.720169] ACPI: 2 ACPI AML tables successfully acquired and loaded
[    0.727539] Security Framework initialized
[    0.732171] Yama: becoming mindful.
[    0.736476] AppArmor: AppArmor initialized
[    0.742280] Dentry cache hash table entries: 262144 (order: 9, 2097152 bytes)
[    0.760241] Inode-cache hash table entries: 131072 (order: 8, 1048576 bytes)
[    0.772590] Mount-cache hash table entries: 4096 (order: 3, 32768 bytes)
[    0.779848] Mountpoint-cache hash table entries: 4096 (order: 3, 32768 bytes)
[    0.789893] Initializing cgroup subsys io
[    0.794363] Initializing cgroup subsys memory
[    0.799104] Initializing cgroup subsys devices
[    0.804817] Initializing cgroup subsys freezer
[    0.811233] Initializing cgroup subsys net_cls
[    0.816109] Initializing cgroup subsys perf_event
[    0.822796] Initializing cgroup subsys net_prio
[    0.828033] Initializing cgroup subsys hugetlb
[    0.832718] Initializing cgroup subsys pids
[    0.841973] mce: CPU supports 0 MCE banks
[    0.847587] Last level iTLB entries: 4KB 0, 2MB 0, 4MB 0
[    0.853232] Last level dTLB entries: 4KB 0, 2MB 0, 4MB 0, 1GB 0
[    0.860353] Spectre V1 : Mitigation: usercopy/swapgs barriers and __user pointer sanitization
[    0.871637] Spectre V2 : Mitigation: Enhanced IBRS
[    0.879480] Spectre V2 : Spectre v2 / SpectreRSB mitigation: Filling RSB on context switch
[    0.890137] Speculative Store Bypass: Vulnerable
[    0.937408] Freeing SMP alternatives memory: 36K
[    1.035537] ftrace: allocating 32380 entries in 127 pages
[    1.659677] smpboot: APIC(0) Converting physical 0 to logical package 0
[    1.667144] smpboot: Max logical packages: 1
[    1.685687] ..TIMER: vector=0x30 apic1=0 pin1=2 apic2=-1 pin2=-1
[    1.800342] APIC calibration not consistent with PM-Timer: 101ms instead of 100ms
[    1.807711] APIC delta adjusted to PM-Timer: 6283542 (6378457)
[    1.813842] smpboot: CPU0: Intel(R) Core(TM) i3-1005G1 CPU @ 1.20GHz (family: 0x6, model: 0x7e, stepping: 0x5)
[    1.824375] Performance Events: unsupported p6 CPU model 126 no PMU driver, software events only.
[    1.926551] KVM setup paravirtual spinlock
[    1.934580] x86: Booting SMP configuration:
[    1.939261] .... node  #0, CPUs:      #1
[    1.945068] kvm-clock: cpu 1, msr 0:7ffe3041, secondary cpu clock
[    1.954562] mce: CPU supports 0 MCE banks
[    1.958823] TSC synchronization [CPU#0 -> CPU#1]:
[    1.963326] Measured 88061 cycles TSC warp between CPUs, turning off TSC clock.
[    1.970838] tsc: Marking TSC unstable due to check_tsc_sync_source failed
[    0.570823] x86: Booted up 1 node, 2 CPUs
[    0.572005] smpboot: Total of 2 processors activated (4761.60 BogoMIPS)
[    0.580715] devtmpfs: initialized
[    0.585501] evm: security.selinux
[    0.588006] evm: security.SMACK64
[    0.591067] evm: security.SMACK64EXEC
[    0.592002] evm: security.SMACK64TRANSMUTE
[    0.596002] evm: security.SMACK64MMAP
[    0.600002] evm: security.ima
[    0.604002] evm: security.capability
[    0.608383] clocksource: jiffies: mask: 0xffffffff max_cycles: 0xffffffff, max_idle_ns: 7645041785100000 ns
[    0.612016] futex hash table entries: 512 (order: 3, 32768 bytes)
[    0.616489] pinctrl core: initialized pinctrl subsystem
[    0.620390] RTC time: 23:08:23, date: 03/23/23
[    0.628148] NET: Registered protocol family 16
[    0.644006] cpuidle: using governor ladder
[    0.660006] cpuidle: using governor menu
[    0.664000] PCCT header not found.
[    0.664213] ACPI: bus type PCI registered
[    0.668004] acpiphp: ACPI Hot Plug PCI Controller Driver version: 0.5
[    0.672502] PCI: Using configuration type 1 for base access
[    0.696602] ACPI: Added _OSI(Module Device)
[    0.700006] ACPI: Added _OSI(Processor Device)
[    0.704003] ACPI: Added _OSI(3.0 _SCP Extensions)
[    0.708005] ACPI: Added _OSI(Processor Aggregator Device)
[    0.713366] ACPI: Executed 1 blocks of module-level executable AML code
[    0.726500] ACPI: Interpreter enabled
[    0.728020] ACPI: (supports S0 S5)
[    0.732005] ACPI: Using IOAPIC for interrupt routing
[    0.736373] PCI: Using host bridge windows from ACPI; if necessary, use "pci=nocrs" and report a bug
[    0.748662] ACPI: PCI Root Bridge [PCI0] (domain 0000 [bus 00-ff])
[    0.752018] acpi PNP0A03:00: _OSC: OS supports [ASPM ClockPM Segments MSI]
[    0.756969] acpi PNP0A03:00: _OSC: not requesting OS control; OS requires [ExtendedConfig ASPM ClockPM MSI]
[    0.760024] acpi PNP0A03:00: fail to add MMCONFIG information, can't access extended PCI configuration space under this bridge.
[    0.765178] PCI host bridge to bus 0000:00
[    0.768013] pci_bus 0000:00: root bus resource [io  0x0000-0x0cf7 window]
[    0.772012] pci_bus 0000:00: root bus resource [io  0x0d00-0xffff window]
[    0.776011] pci_bus 0000:00: root bus resource [mem 0x000a0000-0x000bffff window]
[    0.780010] pci_bus 0000:00: root bus resource [mem 0x80000000-0xfdffffff window]
[    0.784013] pci_bus 0000:00: root bus resource [bus 00-ff]
[    0.800373] pci 0000:00:01.1: legacy IDE quirk: reg 0x10: [io  0x01f0-0x01f7]
[    0.804011] pci 0000:00:01.1: legacy IDE quirk: reg 0x14: [io  0x03f6]
[    0.808012] pci 0000:00:01.1: legacy IDE quirk: reg 0x18: [io  0x0170-0x0177]
[    0.812009] pci 0000:00:01.1: legacy IDE quirk: reg 0x1c: [io  0x0376]
[    0.841095] pci 0000:00:07.0: quirk: [io  0x4000-0x403f] claimed by PIIX4 ACPI
[    0.844046] pci 0000:00:07.0: quirk: [io  0x4100-0x410f] claimed by PIIX4 SMB
[    0.862254] ACPI: PCI Interrupt Link [LNKA] (IRQs 5 9 10 *11)
[    0.870051] ACPI: PCI Interrupt Link [LNKB] (IRQs 5 9 *10 11)
[    0.877189] ACPI: PCI Interrupt Link [LNKC] (IRQs 5 *9 10 11)
[    0.885219] ACPI: PCI Interrupt Link [LNKD] (IRQs 5 9 10 *11)
[    0.893307] ACPI: Enabled 2 GPEs in block 00 to 07
[    0.896252] vgaarb: setting as boot device: PCI:0000:00:02.0
[    0.900000] vgaarb: device added: PCI:0000:00:02.0,decodes=io+mem,owns=io+mem,locks=none
[    0.900012] vgaarb: loaded
[    0.902618] vgaarb: bridge control possible 0000:00:02.0
[    0.904465] SCSI subsystem initialized
[    0.908235] ACPI: bus type USB registered
[    0.912077] usbcore: registered new interface driver usbfs
[    0.916073] usbcore: registered new interface driver hub
[    0.920076] usbcore: registered new device driver usb
[    0.924601] PCI: Using ACPI for IRQ routing
[    0.932514] NetLabel: Initializing
[    0.936003] NetLabel:  domain hash size = 128
[    0.940003] NetLabel:  protocols = UNLABELED CIPSOv4
[    0.944023] NetLabel:  unlabeled traffic allowed by default
[    0.952089] amd_nb: Cannot enumerate AMD northbridges
[    0.956330] clocksource: Switched to clocksource kvm-clock
[    0.968274] AppArmor: AppArmor Filesystem Enabled
[    0.968274] pnp: PnP ACPI init
[    0.968274] pnp: PnP ACPI: found 3 devices
[    1.053039] clocksource: acpi_pm: mask: 0xffffff max_cycles: 0xffffff, max_idle_ns: 2085701024 ns
[    1.056985] NET: Registered protocol family 2
[    1.067042] TCP established hash table entries: 16384 (order: 5, 131072 bytes)
[    1.069989] TCP bind hash table entries: 16384 (order: 6, 262144 bytes)
[    1.069989] TCP: Hash tables configured (established 16384 bind 16384)
[    1.069989] UDP hash table entries: 1024 (order: 3, 32768 bytes)
[    1.069989] UDP-Lite hash table entries: 1024 (order: 3, 32768 bytes)
[    1.069989] NET: Registered protocol family 1
[    1.069989] pci 0000:00:00.0: Limiting direct PCI/PCI transfers
[    1.069989] pci 0000:00:01.0: Activating ISA DMA hang workarounds
[    1.069989] Unpacking initramfs...
[    1.499972] Freeing initrd memory: 14888K
[    1.505851] clocksource: tsc: mask: 0xffffffffffffffff max_cycles: 0x1128b0cf317, max_idle_ns: 440795227453 ns
[    1.518067] platform rtc_cmos: registered platform RTC device (no PNP device found)
[    1.527776] Scanning for low memory corruption every 60 seconds
[    1.535805] audit: initializing netlink subsys (disabled)
[    1.542066] audit: type=2000 audit(1679612910.684:1): initialized
[    1.548512] Initialise system trusted keyring
[    1.554622] HugeTLB registered 2 MB page size, pre-allocated 0 pages
[    1.563379] zbud: loaded
[    1.566981] VFS: Disk quotas dquot_6.6.0
[    1.571910] VFS: Dquot-cache hash table entries: 512 (order 0, 4096 bytes)
[    1.578954] squashfs: version 4.0 (2009/01/31) Phillip Lougher
[    1.586146] fuse init (API version 7.23)
[    1.591390] Key type big_key registered
[    1.595244] Allocating IMA MOK and blacklist keyrings.
[    1.613107] Key type asymmetric registered
[    1.617297] Asymmetric key parser 'x509' registered
[    1.621987] Block layer SCSI generic (bsg) driver version 0.4 loaded (major 249)
[    1.629841] io scheduler noop registered
[    1.634125] io scheduler deadline registered (default)
[    1.640249] io scheduler cfq registered
[    1.643890] pci_hotplug: PCI Hot Plug PCI Core version: 0.5
[    1.649526] pciehp: PCI Express Hot Plug Controller Driver version: 0.4
[    1.656809] ACPI: AC Adapter [AC] (on-line)
[    1.661129] input: Power Button as /devices/LNXSYSTM:00/LNXPWRBN:00/input/input0
[    1.668591] ACPI: Power Button [PWRF]
[    1.672140] input: Sleep Button as /devices/LNXSYSTM:00/LNXSLPBN:00/input/input1
[    1.679428] ACPI: Sleep Button [SLPF]
[    1.684848] GHES: HEST is not enabled!
[    1.687122] ACPI: Battery Slot [BAT0] (battery present)
[    1.695008] Serial: 8250/16550 driver, 32 ports, IRQ sharing enabled
[    1.728068] 00:02: ttyS0 at I/O 0x3f8 (irq = 4, base_baud = 115200) is a 16550A
[    1.759763] Linux agpgart interface v0.103
[    1.774870] loop: module loaded
[    1.781848] scsi host0: ata_piix
[    1.788126] scsi host1: ata_piix
[    1.792039] ata1: PATA max UDMA/33 cmd 0x1f0 ctl 0x3f6 bmdma 0xd000 irq 14
[    1.792039] ata2: PATA max UDMA/33 cmd 0x170 ctl 0x376 bmdma 0xd008 irq 15
[    1.808450] libphy: Fixed MDIO Bus: probed
[    1.813358] tun: Universal TUN/TAP device driver, 1.6
[    1.819046] tun: (C) 1999-2004 Max Krasnyansky <maxk@qualcomm.com>
[    1.827213] PPP generic driver version 2.4.2
[    1.831915] ehci_hcd: USB 2.0 'Enhanced' Host Controller (EHCI) Driver
[    1.838364] ehci-pci: EHCI PCI platform driver
[    1.842845] ehci-platform: EHCI generic platform driver
[    1.848659] ohci_hcd: USB 1.1 'Open' Host Controller (OHCI) Driver
[    1.855115] ohci-pci: OHCI PCI platform driver
[    1.859670] ohci-platform: OHCI generic platform driver
[    1.864866] uhci_hcd: USB Universal Host Controller Interface driver
[    1.871116] i8042: PNP: PS/2 Controller [PNP0303:PS2K,PNP0f03:PS2M] at 0x60,0x64 irq 1,12
[    1.882965] serio: i8042 KBD port at 0x60,0x64 irq 1
[    1.888553] serio: i8042 AUX port at 0x60,0x64 irq 12
[    1.894991] mousedev: PS/2 mouse device common for all mice
[    1.904420] rtc_cmos rtc_cmos: rtc core: registered rtc_cmos as rtc0
[    1.911206] rtc_cmos rtc_cmos: alarms up to one day, 114 bytes nvram
[    1.917335] i2c /dev entries driver
[    1.921354] device-mapper: uevent: version 1.0.3
[    1.926673] device-mapper: ioctl: 4.34.0-ioctl (2015-10-28) initialised: dm-devel@redhat.com
[    1.934719] ledtrig-cpu: registered to indicate activity on CPUs
[    1.942562] input: AT Translated Set 2 keyboard as /devices/platform/i8042/serio0/input/input2
[    1.942962] NET: Registered protocol family 10
[    1.944294] NET: Registered protocol family 17
[    1.944308] Key type dns_resolver registered
[    1.944810] registered taskstats version 1
[    1.944823] Loading compiled-in X.509 certificates
[    1.945477] Loaded X.509 cert 'Build time autogenerated kernel key: cf00e047681d67edb2720680708b7d9498083038'
[    1.945500] zswap: loaded using pool lzo/zbud
[    1.998497] Key type trusted registered
[    2.005908] Key type encrypted registered
[    2.009991] AppArmor: AppArmor sha1 policy hashing enabled
[    2.015287] ima: No TPM chip found, activating TPM-bypass!
[    2.021875] ima: Allocated hash algorithm: sha1
[    2.026799] evm: HMAC attrs: 0x1
[    2.032532]   Magic number: 15:216:151
[    2.037085] rtc_cmos rtc_cmos: setting system clock to 2023-03-23 23:08:25 UTC (1679612905)
[    2.045810] BIOS EDD facility v0.16 2004-Jun-25, 0 devices found
[    2.051568] EDD information not available.
[    2.058264] Freeing unused kernel memory: 1492K
[    2.076203] Write protecting the kernel read-only data: 14336k
[    2.082350] Freeing unused kernel memory: 1584K
[    2.087261] Freeing unused kernel memory: 52K
Loading, please wait...
starting version 229
[    2.121836] random: systemd-udevd: uninitialized urandom read (16 bytes read, 9 bits of entropy available)
[    2.123233] random: udevadm: uninitialized urandom read (16 bytes read, 9 bits of entropy available)
[    2.123262] random: udevadm: uninitialized urandom read (16 bytes read, 9 bits of entropy available)
[    2.137621] random: udevadm: uninitialized urandom read (16 bytes read, 9 bits of entropy available)
[    2.137660] random: udevadm: uninitialized urandom read (16 bytes read, 9 bits of entropy available)
[    2.137957] random: udevadm: uninitialized urandom read (16 bytes read, 9 bits of entropy available)
[    2.138000] random: udevadm: uninitialized urandom read (16 bytes read, 9 bits of entropy available)
[    2.138228] random: udevadm: uninitialized urandom read (16 bytes read, 9 bits of entropy available)
[    2.138280] random: udevadm: uninitialized urandom read (16 bytes read, 9 bits of entropy available)
[    2.138357] random: udevadm: uninitialized urandom read (16 bytes read, 9 bits of entropy available)
[    2.258512] Fusion MPT base driver 3.04.20
[    2.263104] Copyright (c) 1999-2008 LSI Corporation
[    2.272428] e1000: Intel(R) PRO/1000 Network Driver - version 7.3.21-k8-NAPI
[    2.284183] e1000: Copyright (c) 1999-2006 Intel Corporation.
[    2.356435] SSE version of gcm_enc/dec engaged.
[    2.367010] Fusion MPT SPI Host driver 3.04.20
[    2.551039] input: ImExPS/2 Generic Explorer Mouse as /devices/platform/i8042/serio1/input/input4
[    3.349864] e1000 0000:00:03.0 eth0: (PCI:33MHz:32-bit) 02:be:82:6b:cc:1d
[    3.356864] e1000 0000:00:03.0 eth0: Intel(R) PRO/1000 Network Connection
[    3.366772] mptbase: ioc0: Initiating bringup
[    3.789056] ioc0: LSI53C1030 A0: Capabilities={Initiator}
[    4.019027] scsi host2: ioc0: LSI53C1030 A0, FwRev=00000000h, Ports=1, MaxQ=256, IRQ=20
[    4.337269] scsi 2:0:0:0: Direct-Access     VBOX     HARDDISK         1.0  PQ: 0 ANSI: 5
[    4.355950] scsi target2:0:0: Beginning Domain Validation
[    4.369534] scsi target2:0:0: Domain Validation skipping write tests
[    4.376865] scsi target2:0:0: Ending Domain Validation
[    4.384304] scsi target2:0:0: asynchronous
[    4.396787] scsi 2:0:1:0: Direct-Access     VBOX     HARDDISK         1.0  PQ: 0 ANSI: 5
[    4.407054] scsi target2:0:1: Beginning Domain Validation
[    4.421478] scsi target2:0:1: Domain Validation skipping write tests
[    4.428789] scsi target2:0:1: Ending Domain Validation
[    4.434368] scsi target2:0:1: asynchronous
[    4.469660] sd 2:0:0:0: Attached scsi generic sg0 type 0
[    4.476983] sd 2:0:1:0: [sdb] 20480 512-byte logical blocks: (10.5 MB/10.0 MiB)
[    4.509935] sd 2:0:1:0: Attached scsi generic sg1 type 0
[    4.516682] sd 2:0:0:0: [sda] 83886080 512-byte logical blocks: (42.9 GB/40.0 GiB)
[    4.526556] sd 2:0:1:0: [sdb] Write Protect is off
[    4.532538] sd 2:0:0:0: [sda] Write Protect is off
[    4.539133] sd 2:0:0:0: [sda] Incomplete mode parameter data
[    4.545243] sd 2:0:0:0: [sda] Assuming drive cache: write through
[    4.552301] sd 2:0:1:0: [sdb] Incomplete mode parameter data
[    4.558831] sd 2:0:1:0: [sdb] Assuming drive cache: write through
[    4.570714]  sda: sda1
[    4.578623] sd 2:0:0:0: [sda] Attached SCSI disk
[    4.585050] sd 2:0:1:0: [sdb] Attached SCSI disk
[    5.080339] e1000 0000:00:08.0 eth1: (PCI:33MHz:32-bit) 08:00:27:d5:2d:3b
[    5.088843] e1000 0000:00:08.0 eth1: Intel(R) PRO/1000 Network Connection
[    5.099266] e1000 0000:00:03.0 enp0s3: renamed from eth0
[    5.114211] e1000 0000:00:08.0 enp0s8: renamed from eth1
Begin: Loading essential drivers ... [    6.774370] md: linear personality registered for level -1
[    6.785551] md: multipath personality registered for level -4
[    6.795506] md: raid0 personality registered for level 0
[    6.818334] md: raid1 personality registered for level 1
