[    0.000000] Initializing cgroup subsys cpuset
[    0.000000] Initializing cgroup subsys cpu
[    0.000000] Initializing cgroup subsys cpuacct
[    0.000000] Linux version 4.4.0-210-generic (buildd@lgw01-amd64-009) (gcc version 5.4.0 20160609 (Ubuntu 5.4.0-6ubuntu1~16.04.12) ) #242-Ubuntu SMP Fri Apr 16 09:57:56 UTC 2021 (Ubuntu 4.4.0-210.242-generic 4.4.262)
[    0.000000] Command line: BOOT_IMAGE=/boot/vmlinuz-4.4.0-210-generic root=LABEL=cloudimg-rootfs ro console=tty1 console=ttyS0
[    0.000000] KERNEL supported cpus:
[    0.000000]   Intel GenuineIntel
[    0.000000]   AMD AuthenticAMD
[    0.000000]   Centaur CentaurHauls
[    0.000000] x86/fpu: Legacy x87 FPU detected.
[    0.000000] e820: BIOS-provided physical RAM map:
[    0.000000] BIOS-e820: [mem 0x0000000000000000-0x000000000009fbff] usable
[    0.000000] BIOS-e820: [mem 0x000000000009fc00-0x000000000009ffff] reserved
[    0.000000] BIOS-e820: [mem 0x00000000000f0000-0x00000000000fffff] reserved
[    0.000000] BIOS-e820: [mem 0x0000000000100000-0x000000003ffeffff] usable
[    0.000000] BIOS-e820: [mem 0x000000003fff0000-0x000000003fffffff] ACPI data
[    0.000000] BIOS-e820: [mem 0x00000000fec00000-0x00000000fec00fff] reserved
[    0.000000] BIOS-e820: [mem 0x00000000fee00000-0x00000000fee00fff] reserved
[    0.000000] BIOS-e820: [mem 0x00000000fffc0000-0x00000000ffffffff] reserved
[    0.000000] NX (Execute Disable) protection: active
[    0.000000] SMBIOS 2.5 present.
[    0.000000] Hypervisor detected: KVM
[    0.000000] Kernel/User page tables isolation: disabled
[    0.000000] e820: last_pfn = 0x3fff0 max_arch_pfn = 0x400000000
[    0.000000] MTRR: Disabled
[    0.000000] x86/PAT: MTRRs disabled, skipping PAT initialization too.
[    0.000000] CPU MTRRs all blank - virtualized system.
[    0.000000] x86/PAT: Configuration [0-7]: WB  WT  UC- UC  WB  WT  UC- UC  
[    0.000000] found SMP MP-table at [mem 0x0009fff0-0x0009ffff] mapped at [ffff88000009fff0]
[    0.000000] Scanning 1 areas for low memory corruption
[    0.000000] RAMDISK: [mem 0x362dc000-0x37165fff]
[    0.000000] ACPI: Early table checksum verification disabled
[    0.000000] ACPI: RSDP 0x00000000000E0000 000024 (v02 VBOX  )
[    0.000000] ACPI: XSDT 0x000000003FFF0030 00003C (v01 VBOX   VBOXXSDT 00000001 ASL  00000061)
[    0.000000] ACPI: FACP 0x000000003FFF00F0 0000F4 (v04 VBOX   VBOXFACP 00000001 ASL  00000061)
[    0.000000] ACPI: DSDT 0x000000003FFF0610 002353 (v02 VBOX   VBOXBIOS 00000002 INTL 20100528)
[    0.000000] ACPI: FACS 0x000000003FFF0200 000040
[    0.000000] ACPI: FACS 0x000000003FFF0200 000040
[    0.000000] ACPI: APIC 0x000000003FFF0240 00005C (v02 VBOX   VBOXAPIC 00000001 ASL  00000061)
[    0.000000] ACPI: SSDT 0x000000003FFF02A0 00036C (v01 VBOX   VBOXCPUT 00000002 INTL 20100528)
[    0.000000] No NUMA configuration found
[    0.000000] Faking a node at [mem 0x0000000000000000-0x000000003ffeffff]
[    0.000000] NODE_DATA(0) allocated [mem 0x3ffeb000-0x3ffeffff]
[    0.000000] kvm-clock: Using msrs 4b564d01 and 4b564d00
[    0.000000] kvm-clock: cpu 0, msr 0:3ffe3001, primary cpu clock
[    0.000000] kvm-clock: using sched offset of 4397145006 cycles
[    0.000000] clocksource: kvm-clock: mask: 0xffffffffffffffff max_cycles: 0x1cd42e4dffb, max_idle_ns: 881590591483 ns
[    0.000000] Zone ranges:
[    0.000000]   DMA      [mem 0x0000000000001000-0x0000000000ffffff]
[    0.000000]   DMA32    [mem 0x0000000001000000-0x000000003ffeffff]
[    0.000000]   Normal   empty
[    0.000000]   Device   empty
[    0.000000] Movable zone start for each node
[    0.000000] Early memory node ranges
[    0.000000]   node   0: [mem 0x0000000000001000-0x000000000009efff]
[    0.000000]   node   0: [mem 0x0000000000100000-0x000000003ffeffff]
[    0.000000] Initmem setup node 0 [mem 0x0000000000001000-0x000000003ffeffff]
[    0.000000] ACPI: PM-Timer IO Port: 0x4008
[    0.000000] IOAPIC[0]: apic_id 2, version 32, address 0xfec00000, GSI 0-23
[    0.000000] ACPI: INT_SRC_OVR (bus 0 bus_irq 0 global_irq 2 dfl dfl)
[    0.000000] ACPI: INT_SRC_OVR (bus 0 bus_irq 9 global_irq 9 low level)
[    0.000000] Using ACPI (MADT) for SMP configuration information
[    0.000000] smpboot: Allowing 2 CPUs, 0 hotplug CPUs
[    0.000000] PM: Registered nosave memory: [mem 0x00000000-0x00000fff]
[    0.000000] PM: Registered nosave memory: [mem 0x0009f000-0x0009ffff]
[    0.000000] PM: Registered nosave memory: [mem 0x000a0000-0x000effff]
[    0.000000] PM: Registered nosave memory: [mem 0x000f0000-0x000fffff]
[    0.000000] e820: [mem 0x40000000-0xfebfffff] available for PCI devices
[    0.000000] Booting paravirtualized kernel on KVM
[    0.000000] clocksource: refined-jiffies: mask: 0xffffffff max_cycles: 0xffffffff, max_idle_ns: 7645519600211568 ns
[    0.000000] setup_percpu: NR_CPUS:512 nr_cpumask_bits:512 nr_cpu_ids:2 nr_node_ids:1
[    0.000000] PERCPU: Embedded 33 pages/cpu @ffff88003fc00000 s95192 r8192 d31784 u1048576
[    0.000000] Built 1 zonelists in Node order, mobility grouping on.  Total pages: 257912
[    0.000000] Policy zone: DMA32
[    0.000000] Kernel command line: BOOT_IMAGE=/boot/vmlinuz-4.4.0-210-generic root=LABEL=cloudimg-rootfs ro console=tty1 console=ttyS0
[    0.000000] PID hash table entries: 4096 (order: 3, 32768 bytes)
[    0.000000] Memory: 997792K/1048120K available (8644K kernel code, 1332K rwdata, 4044K rodata, 1492K init, 1164K bss, 50328K reserved, 0K cma-reserved)
[    0.000000] SLUB: HWalign=64, Order=0-3, MinObjects=0, CPUs=2, Nodes=1
[    0.000000] Hierarchical RCU implementation.
[    0.000000] 	Build-time adjustment of leaf fanout to 64.
[    0.000000] 	RCU restricting CPUs from NR_CPUS=512 to nr_cpu_ids=2.
[    0.000000] RCU: Adjusting geometry for rcu_fanout_leaf=64, nr_cpu_ids=2
[    0.000000] NR_IRQS:33024 nr_irqs:440 16
[    0.000000] Console: colour VGA+ 80x25
[    0.000000] console [tty1] enabled
[    0.000000] console [ttyS0] enabled
[    0.000000] tsc: Detected 1190.402 MHz processor
[    0.627503] Calibrating delay loop (skipped) preset value.. 2380.80 BogoMIPS (lpj=4761608)
[    0.636109] pid_max: default: 32768 minimum: 301
[    0.641119] ACPI: Core revision 20150930
[    0.646817] ACPI: 2 ACPI AML tables successfully acquired and loaded
[    0.654417] Security Framework initialized
[    0.660410] Yama: becoming mindful.
[    0.664170] AppArmor: AppArmor initialized
[    0.668570] Dentry cache hash table entries: 131072 (order: 8, 1048576 bytes)
[    0.681008] Inode-cache hash table entries: 65536 (order: 7, 524288 bytes)
[    0.691827] Mount-cache hash table entries: 2048 (order: 2, 16384 bytes)
[    0.705292] Mountpoint-cache hash table entries: 2048 (order: 2, 16384 bytes)
[    0.714118] Initializing cgroup subsys io
[    0.718183] Initializing cgroup subsys memory
[    0.722635] Initializing cgroup subsys devices
[    0.727209] Initializing cgroup subsys freezer
[    0.734752] Initializing cgroup subsys net_cls
[    0.739249] Initializing cgroup subsys perf_event
[    0.743881] Initializing cgroup subsys net_prio
[    0.750143] Initializing cgroup subsys hugetlb
[    0.754784] Initializing cgroup subsys pids
[    0.765657] mce: CPU supports 0 MCE banks
[    0.771692] Last level iTLB entries: 4KB 0, 2MB 0, 4MB 0
[    0.778062] Last level dTLB entries: 4KB 0, 2MB 0, 4MB 0, 1GB 0
[    0.786205] Spectre V1 : Mitigation: usercopy/swapgs barriers and __user pointer sanitization
[    0.796989] Spectre V2 : Mitigation: Enhanced IBRS
[    0.805413] Spectre V2 : Spectre v2 / SpectreRSB mitigation: Filling RSB on context switch
[    0.816885] Speculative Store Bypass: Vulnerable
[    0.867786] Freeing SMP alternatives memory: 36K
[    0.970998] ftrace: allocating 32380 entries in 127 pages
[    1.629863] smpboot: APIC(0) Converting physical 0 to logical package 0
[    1.644371] smpboot: Max logical packages: 1
[    1.663773] ..TIMER: vector=0x30 apic1=0 pin1=2 apic2=-1 pin2=-1
[    1.779091] smpboot: CPU0: Intel(R) Core(TM) i3-1005G1 CPU @ 1.20GHz (family: 0x6, model: 0x7e, stepping: 0x5)
[    1.789959] Performance Events: unsupported p6 CPU model 126 no PMU driver, software events only.
[    1.896645] KVM setup paravirtual spinlock
[    1.904778] x86: Booting SMP configuration:
[    1.910120] .... node  #0, CPUs:      #1
[    1.916766] kvm-clock: cpu 1, msr 0:3ffe3041, secondary cpu clock
[    1.926759] mce: CPU supports 0 MCE banks
[    1.931169] TSC synchronization [CPU#0 -> CPU#1]:
[    1.937128] Measured 31587 cycles TSC warp between CPUs, turning off TSC clock.
[    1.944468] tsc: Marking TSC unstable due to check_tsc_sync_source failed
[    0.540520] x86: Booted up 1 node, 2 CPUs
[    0.544007] smpboot: Total of 2 processors activated (4761.60 BogoMIPS)
[    0.556079] devtmpfs: initialized
[    0.561469] evm: security.selinux
[    0.564013] evm: security.SMACK64
[    0.568006] evm: security.SMACK64EXEC
[    0.572007] evm: security.SMACK64TRANSMUTE
[    0.576014] evm: security.SMACK64MMAP
[    0.579463] evm: security.ima
[    0.580011] evm: security.capability
[    0.588261] clocksource: jiffies: mask: 0xffffffff max_cycles: 0xffffffff, max_idle_ns: 7645041785100000 ns
[    0.592017] futex hash table entries: 512 (order: 3, 32768 bytes)
[    0.596470] pinctrl core: initialized pinctrl subsystem
[    0.600535] RTC time: 20:37:37, date: 03/14/23
[    0.605111] NET: Registered protocol family 16
[    0.620015] cpuidle: using governor ladder
[    0.632011] cpuidle: using governor menu
[    0.636234] PCCT header not found.
[    0.640168] ACPI: bus type PCI registered
[    0.644006] acpiphp: ACPI Hot Plug PCI Controller Driver version: 0.5
[    0.648575] PCI: Using configuration type 1 for base access
[    0.672320] ACPI: Added _OSI(Module Device)
[    0.676009] ACPI: Added _OSI(Processor Device)
[    0.680010] ACPI: Added _OSI(3.0 _SCP Extensions)
[    0.684006] ACPI: Added _OSI(Processor Aggregator Device)
[    0.693574] ACPI: Executed 1 blocks of module-level executable AML code
[    0.705967] ACPI: Interpreter enabled
[    0.708021] ACPI: (supports S0 S5)
[    0.712006] ACPI: Using IOAPIC for interrupt routing
[    0.716432] PCI: Using host bridge windows from ACPI; if necessary, use "pci=nocrs" and report a bug
[    0.731162] ACPI: PCI Root Bridge [PCI0] (domain 0000 [bus 00-ff])
[    0.732013] acpi PNP0A03:00: _OSC: OS supports [ASPM ClockPM Segments MSI]
[    0.736740] acpi PNP0A03:00: _OSC: not requesting OS control; OS requires [ExtendedConfig ASPM ClockPM MSI]
[    0.740024] acpi PNP0A03:00: fail to add MMCONFIG information, can't access extended PCI configuration space under this bridge.
[    0.744863] PCI host bridge to bus 0000:00
[    0.748006] pci_bus 0000:00: root bus resource [io  0x0000-0x0cf7 window]
[    0.752011] pci_bus 0000:00: root bus resource [io  0x0d00-0xffff window]
[    0.756012] pci_bus 0000:00: root bus resource [mem 0x000a0000-0x000bffff window]
[    0.760010] pci_bus 0000:00: root bus resource [mem 0x40000000-0xfdffffff window]
[    0.764010] pci_bus 0000:00: root bus resource [bus 00-ff]
[    0.778768] pci 0000:00:01.1: legacy IDE quirk: reg 0x10: [io  0x01f0-0x01f7]
[    0.780007] pci 0000:00:01.1: legacy IDE quirk: reg 0x14: [io  0x03f6]
[    0.784009] pci 0000:00:01.1: legacy IDE quirk: reg 0x18: [io  0x0170-0x0177]
[    0.788009] pci 0000:00:01.1: legacy IDE quirk: reg 0x1c: [io  0x0376]
[    0.816802] pci 0000:00:07.0: quirk: [io  0x4000-0x403f] claimed by PIIX4 ACPI
[    0.820063] pci 0000:00:07.0: quirk: [io  0x4100-0x410f] claimed by PIIX4 SMB
[    0.839586] ACPI: PCI Interrupt Link [LNKA] (IRQs 5 9 10 *11)
[    0.845715] ACPI: PCI Interrupt Link [LNKB] (IRQs 5 9 *10 11)
[    0.852363] ACPI: PCI Interrupt Link [LNKC] (IRQs 5 *9 10 11)
[    0.864110] ACPI: PCI Interrupt Link [LNKD] (IRQs 5 9 10 *11)
[    0.871654] ACPI: Enabled 2 GPEs in block 00 to 07
[    0.872688] vgaarb: setting as boot device: PCI:0000:00:02.0
[    0.876000] vgaarb: device added: PCI:0000:00:02.0,decodes=io+mem,owns=io+mem,locks=none
[    0.876010] vgaarb: loaded
[    0.880003] vgaarb: bridge control possible 0000:00:02.0
[    0.888144] SCSI subsystem initialized
[    0.892490] ACPI: bus type USB registered
[    0.896073] usbcore: registered new interface driver usbfs
[    0.900064] usbcore: registered new interface driver hub
[    0.904039] usbcore: registered new device driver usb
[    0.912591] PCI: Using ACPI for IRQ routing
[    0.917330] NetLabel: Initializing
[    0.920006] NetLabel:  domain hash size = 128
[    0.924003] NetLabel:  protocols = UNLABELED CIPSOv4
[    0.928029] NetLabel:  unlabeled traffic allowed by default
[    0.932156] amd_nb: Cannot enumerate AMD northbridges
[    0.936483] clocksource: Switched to clocksource kvm-clock
[    0.969850] AppArmor: AppArmor Filesystem Enabled
[    0.969850] pnp: PnP ACPI init
[    0.969850] pnp: PnP ACPI: found 3 devices
[    1.059741] clocksource: acpi_pm: mask: 0xffffff max_cycles: 0xffffff, max_idle_ns: 2085701024 ns
[    1.069839] NET: Registered protocol family 2
[    1.076914] TCP established hash table entries: 8192 (order: 4, 65536 bytes)
[    1.083607] TCP bind hash table entries: 8192 (order: 5, 131072 bytes)
[    1.087280] TCP: Hash tables configured (established 8192 bind 8192)
[    1.087280] UDP hash table entries: 512 (order: 2, 16384 bytes)
[    1.107036] UDP-Lite hash table entries: 512 (order: 2, 16384 bytes)
[    1.110897] NET: Registered protocol family 1
[    1.110897] pci 0000:00:00.0: Limiting direct PCI/PCI transfers
[    1.110897] pci 0000:00:01.0: Activating ISA DMA hang workarounds
[    1.110897] Unpacking initramfs...
[    1.110897] Freeing initrd memory: 14888K
[    1.110897] clocksource: tsc: mask: 0xffffffffffffffff max_cycles: 0x1128b0cf317, max_idle_ns: 440795227453 ns
[    1.110897] platform rtc_cmos: registered platform RTC device (no PNP device found)
[    1.110897] Scanning for low memory corruption every 60 seconds
[    1.590928] audit: initializing netlink subsys (disabled)
[    1.597451] audit: type=2000 audit(1678826262.595:1): initialized
[    1.606871] Initialise system trusted keyring
[    1.613673] HugeTLB registered 2 MB page size, pre-allocated 0 pages
[    1.621731] zbud: loaded
[    1.625538] VFS: Disk quotas dquot_6.6.0
[    1.629459] VFS: Dquot-cache hash table entries: 512 (order 0, 4096 bytes)
[    1.636623] squashfs: version 4.0 (2009/01/31) Phillip Lougher
[    1.643326] fuse init (API version 7.23)
[    1.649077] Key type big_key registered
[    1.654205] Allocating IMA MOK and blacklist keyrings.
[    1.676795] Key type asymmetric registered
[    1.682032] Asymmetric key parser 'x509' registered
[    1.687657] Block layer SCSI generic (bsg) driver version 0.4 loaded (major 249)
[    1.696923] io scheduler noop registered
[    1.701340] io scheduler deadline registered (default)
[    1.707178] io scheduler cfq registered
[    1.711611] pci_hotplug: PCI Hot Plug PCI Core version: 0.5
[    1.717082] pciehp: PCI Express Hot Plug Controller Driver version: 0.4
[    1.723454] ACPI: AC Adapter [AC] (on-line)
[    1.729133] input: Power Button as /devices/LNXSYSTM:00/LNXPWRBN:00/input/input0
[    1.736732] ACPI: Power Button [PWRF]
[    1.740805] input: Sleep Button as /devices/LNXSYSTM:00/LNXSLPBN:00/input/input1
[    1.748503] ACPI: Sleep Button [SLPF]
[    1.753152] GHES: HEST is not enabled!
[    1.754983] ACPI: Battery Slot [BAT0] (battery present)
[    1.762782] Serial: 8250/16550 driver, 32 ports, IRQ sharing enabled
[    1.796382] 00:02: ttyS0 at I/O 0x3f8 (irq = 4, base_baud = 115200) is a 16550A
[    1.826625] Linux agpgart interface v0.103
[    1.850625] loop: module loaded
[    1.857842] scsi host0: ata_piix
[    1.863205] scsi host1: ata_piix
[    1.867089] ata1: PATA max UDMA/33 cmd 0x1f0 ctl 0x3f6 bmdma 0xd000 irq 14
[    1.870929] ata2: PATA max UDMA/33 cmd 0x170 ctl 0x376 bmdma 0xd008 irq 15
[    1.884585] libphy: Fixed MDIO Bus: probed
[    1.889900] tun: Universal TUN/TAP device driver, 1.6
[    1.896080] tun: (C) 1999-2004 Max Krasnyansky <maxk@qualcomm.com>
[    1.902486] PPP generic driver version 2.4.2
[    1.907250] ehci_hcd: USB 2.0 'Enhanced' Host Controller (EHCI) Driver
[    2.249832] ehci-pci: EHCI PCI platform driver
[    2.255974] ehci-platform: EHCI generic platform driver
[    2.261613] ohci_hcd: USB 1.1 'Open' Host Controller (OHCI) Driver
[    2.267426] ohci-pci: OHCI PCI platform driver
[    2.272110] ohci-platform: OHCI generic platform driver
[    2.277314] uhci_hcd: USB Universal Host Controller Interface driver
[    2.283516] i8042: PNP: PS/2 Controller [PNP0303:PS2K,PNP0f03:PS2M] at 0x60,0x64 irq 1,12
[    2.295278] serio: i8042 KBD port at 0x60,0x64 irq 1
[    2.300727] serio: i8042 AUX port at 0x60,0x64 irq 12
[    2.306787] mousedev: PS/2 mouse device common for all mice
[    2.317970] input: AT Translated Set 2 keyboard as /devices/platform/i8042/serio0/input/input2
[    2.333646] rtc_cmos rtc_cmos: rtc core: registered rtc_cmos as rtc0
[    2.341365] rtc_cmos rtc_cmos: alarms up to one day, 114 bytes nvram
[    2.350468] i2c /dev entries driver
[    2.354877] device-mapper: uevent: version 1.0.3
[    2.359966] device-mapper: ioctl: 4.34.0-ioctl (2015-10-28) initialised: dm-devel@redhat.com
[    2.368384] ledtrig-cpu: registered to indicate activity on CPUs
[    2.377183] NET: Registered protocol family 10
[    2.382712] NET: Registered protocol family 17
[    2.387552] Key type dns_resolver registered
[    2.392672] registered taskstats version 1
[    2.397325] Loading compiled-in X.509 certificates
[    2.402892] Loaded X.509 cert 'Build time autogenerated kernel key: cf00e047681d67edb2720680708b7d9498083038'
[    2.412577] zswap: loaded using pool lzo/zbud
[    2.422823] Key type trusted registered
[    2.439698] Key type encrypted registered
[    2.445151] AppArmor: AppArmor sha1 policy hashing enabled
[    2.450979] ima: No TPM chip found, activating TPM-bypass!
[    2.457552] ima: Allocated hash algorithm: sha1
[    2.464523] evm: HMAC attrs: 0x1
[    2.470439]   Magic number: 15:735:649
[    2.475351] rtc_cmos rtc_cmos: setting system clock to 2023-03-14 20:37:39 UTC (1678826259)
[    2.484625] BIOS EDD facility v0.16 2004-Jun-25, 0 devices found
[    2.490772] EDD information not available.
[    2.498506] Freeing unused kernel memory: 1492K
[    2.512902] Write protecting the kernel read-only data: 14336k
[    2.520268] Freeing unused kernel memory: 1584K
[    2.526486] Freeing unused kernel memory: 52K
Loading, please wait...
starting version 229
[    2.557110] random: udevadm: uninitialized urandom read (16 bytes read, 8 bits of entropy available)
[    2.557434] random: systemd-udevd: uninitialized urandom read (16 bytes read, 8 bits of entropy available)
[    2.557508] random: systemd-udevd: uninitialized urandom read (16 bytes read, 8 bits of entropy available)
[    2.557526] random: systemd-udevd: uninitialized urandom read (16 bytes read, 8 bits of entropy available)
[    2.557544] random: systemd-udevd: uninitialized urandom read (16 bytes read, 8 bits of entropy available)
[    2.611791] random: udevadm: uninitialized urandom read (16 bytes read, 8 bits of entropy available)
[    2.631571] random: systemd-udevd: uninitialized urandom read (16 bytes read, 8 bits of entropy available)
[    2.635908] random: udevadm: uninitialized urandom read (16 bytes read, 8 bits of entropy available)
[    2.636200] random: udevadm: uninitialized urandom read (16 bytes read, 8 bits of entropy available)
[    2.636433] random: udevadm: uninitialized urandom read (16 bytes read, 8 bits of entropy available)
[    2.716478] e1000: Intel(R) PRO/1000 Network Driver - version 7.3.21-k8-NAPI
[    2.724169] e1000: Copyright (c) 1999-2006 Intel Corporation.
[    2.733480] Fusion MPT base driver 3.04.20
[    2.738200] Copyright (c) 1999-2008 LSI Corporation
[    2.755090] Fusion MPT SPI Host driver 3.04.20
[    2.802817] SSE version of gcm_enc/dec engaged.
[    3.011010] input: ImExPS/2 Generic Explorer Mouse as /devices/platform/i8042/serio1/input/input4
[    3.494451] e1000 0000:00:03.0 eth0: (PCI:33MHz:32-bit) 02:be:82:6b:cc:1d
[    3.502900] e1000 0000:00:03.0 eth0: Intel(R) PRO/1000 Network Connection
[    4.355617] e1000 0000:00:08.0 eth1: (PCI:33MHz:32-bit) 08:00:27:2d:d8:5a
[    4.364713] e1000 0000:00:08.0 eth1: Intel(R) PRO/1000 Network Connection
[    4.377349] e1000 0000:00:03.0 enp0s3: renamed from eth0
[    4.384420] mptbase: ioc0: Initiating bringup
[    4.393198] e1000 0000:00:08.0 enp0s8: renamed from eth1
[    4.479045] ioc0: LSI53C1030 A0: Capabilities={Initiator}
[    4.680326] scsi host2: ioc0: LSI53C1030 A0, FwRev=00000000h, Ports=1, MaxQ=256, IRQ=20
[    4.842219] scsi 2:0:0:0: Direct-Access     VBOX     HARDDISK         1.0  PQ: 0 ANSI: 5
[    4.854427] scsi target2:0:0: Beginning Domain Validation
[    4.868597] scsi target2:0:0: Domain Validation skipping write tests
[    4.875149] scsi target2:0:0: Ending Domain Validation
[    4.881832] scsi target2:0:0: asynchronous
[    4.892822] scsi 2:0:1:0: Direct-Access     VBOX     HARDDISK         1.0  PQ: 0 ANSI: 5
[    4.900839] scsi target2:0:1: Beginning Domain Validation
[    4.914037] scsi target2:0:1: Domain Validation skipping write tests
[    4.922367] scsi target2:0:1: Ending Domain Validation
[    4.929698] scsi target2:0:1: asynchronous
[    4.996205] sd 2:0:0:0: [sda] 83886080 512-byte logical blocks: (42.9 GB/40.0 GiB)
[    5.004265] sd 2:0:0:0: Attached scsi generic sg0 type 0
[    5.032040] sd 2:0:1:0: Attached scsi generic sg1 type 0
[    5.039033] sd 2:0:0:0: [sda] Write Protect is off
[    5.043605] sd 2:0:1:0: [sdb] 20480 512-byte logical blocks: (10.5 MB/10.0 MiB)
[    5.045789] sd 2:0:0:0: [sda] Incomplete mode parameter data
[    5.045791] sd 2:0:0:0: [sda] Assuming drive cache: write through
[    5.064935] sd 2:0:1:0: [sdb] Write Protect is off
[    5.071395] sd 2:0:1:0: [sdb] Incomplete mode parameter data
[    5.080185] sd 2:0:1:0: [sdb] Assuming drive cache: write through
[    5.089761]  sda: sda1
[    5.097289] sd 2:0:0:0: [sda] Attached SCSI disk
[    5.205817] sd 2:0:1:0: [sdb] Attached SCSI disk
Begin: Loading essential drivers ... [    7.102906] md: linear personality registered for level -1
[    7.112807] md: multipath personality registered for level -4
[    7.124120] md: raid0 personality registered for level 0
[    7.146193] md: raid1 personality registered for level 1
[    8.100608] raid6: sse2x1   gen() 160667 MB/s
[   10.099310] raid6: sse2x1   xor() 124813 MB/s
[   11.100154] raid6: sse2x2   gen() 252889 MB/s
[   12.164599] raid6: sse2x2   xor() 10363 MB/s
[   12.247266] raid6: sse2x4   gen() 20980 MB/s
[   12.320105] raid6: sse2x4   xor() 10561 MB/s
[   12.324723] raid6: using algorithm sse2x2 gen() 252889 MB/s
[   12.330694] raid6: .... xor() 10363 MB/s, rmw enabled
[   12.336610] raid6: using ssse3x2 recovery algorithm
[   12.345598] xor: measuring software checksum speed
[   12.388804]    prefetch64-sse: 20986.000 MB/sec
[   12.432731]    generic_sse: 20783.000 MB/sec
[   12.436716] xor: using function: prefetch64-sse (20986.000 MB/sec)
[   12.444994] async_tx: api initialized (async)
[   12.501635] md: raid6 personality registered for level 6
[   12.508352] md: raid5 personality registered for level 5
[   12.514858] md: raid4 personality registered for level 4
[   12.549310] md: raid10 personality registered for level 10
done.
Begin: Running /scripts/init-premount ... done.
Begin: Mounting root file system ... Begin: Running /scripts/local-top ... done.
Begin: Running /scripts/local-premount ... [   12.650774] Btrfs loaded
Scanning for Btrfs filesystems
done.
Warning: fsck not present, so skipping root file system
[   14.352529] EXT4-fs (sda1): mounted filesystem with ordered data mode. Opts: (null)
done.
Begin: Running /scripts/local-bottom ... done.
Begin: Running /scripts/init-bottom ... done.
[   14.978306] random: nonblocking pool is initialized
[   16.045022] systemd[1]: systemd 229 running in system mode. (+PAM +AUDIT +SELINUX +IMA +APPARMOR +SMACK +SYSVINIT +UTMP +LIBCRYPTSETUP +GCRYPT +GNUTLS +ACL +XZ -LZ4 +SECCOMP +BLKID +ELFUTILS +KMOD -IDN)
[   16.065186] systemd[1]: Detected virtualization oracle.
[   16.070079] systemd[1]: Detected architecture x86-64.

Welcome to [1mUbuntu 16.04.7 LTS[0m!

[   16.153237] systemd[1]: Set hostname to <ubuntu>.
[   16.204656] systemd[1]: Initializing machine ID from random generator.
[   16.213531] systemd[1]: Installed transient /etc/machine-id file.
[   17.465206] systemd[1]: Listening on udev Control Socket.
[[0;32m  OK  [0m] Listening on udev Control Socket.
[   17.474244] systemd[1]: Reached target System Time Synchronized.
[[0;32m  OK  [0m] Reached target System Time Synchronized.
[   17.483400] systemd[1]: Listening on fsck to fsckd communication Socket.
[[0;32m  OK  [0m] Listening on fsck to fsckd communication Socket.
[   17.493828] systemd[1]: Listening on /dev/initctl Compatibility Named Pipe.
[[0;32m  OK  [0m] Listening on /dev/initctl Compatibility Named Pipe.
[   17.504927] systemd[1]: Listening on Journal Audit Socket.
[[0;32m  OK  [0m] Listening on Journal Audit Socket.
[   17.515162] systemd[1]: Listening on Syslog Socket.
[[0;32m  OK  [0m] Listening on Syslog Socket.
[   17.523344] systemd[1]: Reached target User and Group Name Lookups.
[[0;32m  OK  [0m] Reached target User and Group Name Lookups.
[   17.533488] systemd[1]: Reached target Encrypted Volumes.
[[0;32m  OK  [0m] Reached target Encrypted Volumes.
[   17.544621] systemd[1]: Set up automount Arbitrary Executable File Formats File System Automount Point.
[[0;32m  OK  [0m] Set up automount Arbitrary Executab...ats File System Automount Point.
[   17.561196] systemd[1]: Created slice System Slice.
[[0;32m  OK  [0m] Created slice System Slice.
[   17.570533] systemd[1]: Started Trigger resolvconf update for networkd DNS.
[[0;32m  OK  [0m] Started Trigger resolvconf update for networkd DNS.
[   17.582899] systemd[1]: Reached target Swap.
[[0;32m  OK  [0m] Reached target Swap.
[   17.592267] systemd[1]: Listening on Device-mapper event daemon FIFOs.
[[0;32m  OK  [0m] Listening on Device-mapper event daemon FIFOs.
[   17.605039] systemd[1]: Created slice User and Session Slice.
[[0;32m  OK  [0m] Created slice User and Session Slice.
[   17.616861] systemd[1]: Listening on Journal Socket.
[[0;32m  OK  [0m] Listening on Journal Socket.
[   17.652535] systemd[1]: Mounting Debug File System...
         Mounting Debug File System...
[   17.662049] systemd[1]: Starting File System Check on Root Device...
         Starting File System Check on Root Device...
[   17.673683] systemd[1]: Starting Set console keymap...
         Starting Set console keymap...
[   17.724482] systemd[1]: Starting Load Kernel Modules...
         Starting Load Kernel Modules...
[   17.745326] systemd[1]: Starting Create list of required static device nodes for the current kernel...
         Starting Create list of required st... nodes for the current kernel...
[   17.771343] systemd[1]: Listening on LVM2 poll daemon socket.
[[0;32m  OK  [0m] Listening on LVM2 poll daemon socket.
[   17.801654] systemd[1]: Mounting Huge Pages File System...
         Mounting Huge Pages File System...
[   17.824704] systemd[1]: Starting Uncomplicated firewall...
         Starting Uncomplicated firewall...
[   17.843797] systemd[1]: Listening on udev Kernel Socket.
[[0;32m  OK  [0m] Listening on udev Kernel Socket.
[   17.856881] systemd[1]: Listening on Journal Socket (/dev/log).
[[0;32m  OK  [0m] Listening on Journal Socket (/dev/log).
[   17.891869] Loading iSCSI transport class v2.0-870.
[   17.900462] systemd[1]: Starting Journal Service...
         Starting Journal Service...
[   17.911782] systemd[1]: Starting Nameserver information manager...
         Starting Nameserver information manager...
[   17.929331] systemd[1]: Mounting POSIX Message Queue File System...
         Mounting POSIX Message Queue File System...
[   17.943265] systemd[1]: Listening on LVM2 metadata daemon socket.
[   17.951352] iscsi: registered transport (tcp)
[[0;32m  OK  [0m] Listening on LVM2 metadata daemon socket.
[   17.981550] systemd[1]: Starting Monitoring of LVM2 mirrors, snapshots etc. using dmeventd or progress polling...
         Starting Monitoring of LVM2 mirrors... dmeventd or progress polling...
[   18.003410] systemd[1]: Reached target Slices.
[[0;32m  OK  [0m] Reached target Slices.
[   18.014943] systemd[1]: Started Forward Password Requests to Wall Directory Watch.
[[0;32m  OK  [0m] Started Forward Password Requests to Wall Directory Watch.
[   18.028059] systemd[1]: Created slice system-serial\x2dgetty.slice.
[[0;32m  OK  [0m] Created slice system-serial\x2dgetty.slice.
[   18.065622] systemd[1]: Mounted Huge Pages File System.
[[0;32m  OK  [0m] Mounted Huge Pages File System.
[   18.075113] systemd[1]: Mounted POSIX Message Queue File System.
[[0;32m  OK  [0m] Mounted POSIX Message Queue File System.
[   18.085001] systemd[1]: Mounted Debug File System.
[[0;32m  OK  [0m] Mounted Debug File System.
[   18.096971] systemd[1]: Started Journal Service.
[[0;32m  OK  [0m] Started Journal Service.
[[0;32m  OK  [0m] Started File System Check on Root Device.
[[0;32m  OK  [0m] Started Set console keymap.
[[0;32m  OK  [0m] Started Create list of required sta...ce nodes for the current kernel.
[[0;32m  OK  [0m] Started Uncomplicated firewall.
[[0;32m  OK  [0m] Started File System Check Daemon to report status.
         Starting Create Static Device Nodes in /dev...
         Starting Remount Root and Kernel File Systems...
[[0;32m  OK  [0m] Started LVM2 metadata daemon.
[[0;32m  OK  [0m] Started Nameserver information manager.
[   18.241791] EXT4-fs (sda1): re-mounted. Opts: (null)
[[0;32m  OK  [0m] Started Remount Root and Kernel File Systems.
         Starting Load/Save Random Seed...
         Starting Flush Journal to Persistent Storage...
[   18.404278] iscsi: registered transport (iser)
         Starting udev Coldplug all Devices...
[[0;32m  OK  [0m] Started Load Kernel Modules.
[[0;32m  OK  [0m] Started Load/Save Random Seed.
         Mounting FUSE Control File System...
         Starting Apply Kernel Variables...
[[0;32m  OK  [0m] Mounted FUSE Control File System.
[   18.450647] systemd-journald[393]: Received request to flush runtime journal from PID 1
[[0;32m  OK  [0m] Started Flush Journal to Persistent Storage.
[[0;32m  OK  [0m] Started Apply Kernel Variables.
[[0;32m  OK  [0m] Started udev Coldplug all Devices.
[[0;32m  OK  [0m] Started Create Static Device Nodes in /dev.
         Starting udev Kernel Device Manager...
[[0;32m  OK  [0m] Started udev Kernel Device Manager.
[[0;32m  OK  [0m] Started Dispatch Password Requests to Console Directory Watch.
[[0;32m  OK  [0m] Started Monitoring of LVM2 mirrors,...ng dmeventd or progress polling.
[[0;32m  OK  [0m] Reached target Local File Systems (Pre).
[[0;32m  OK  [0m] Reached target Local File Systems.
         Starting Initial cloud-init job (pre-networking)...
         Starting Set console font and keymap...
         Starting Create Volatile Files and Directories...
         Starting LSB: AppArmor initialization...
         Starting Tell Plymouth To Write Out Runtime Data...
         Starting Commit a transient machine-id on disk...
[[0;32m  OK  [0m] Started Create Volatile Files and Directories.
[[0;32m  OK  [0m] Found device /dev/ttyS0.
         Starting Update UTMP about System Boot/Shutdown...
[[0;32m  OK  [0m] Started Tell Plymouth To Write Out Runtime Data.
[[0;32m  OK  [0m] Started Commit a transient machine-id on disk.
[[0;32m  OK  [0m] Started Update UTMP about System Boot/Shutdown.
[[0;32m  OK  [0m] Listening on Load/Save RF Kill Switch Status /dev/rfkill Watch.
[[0;32m  OK  [0m] Started Set console font and keymap.
[[0;32m  OK  [0m] Created slice system-getty.slice.
[[0;32m  OK  [0m] Started LSB: AppArmor initialization.
         Starting Load AppArmor profiles managed internally by snapd...
[[0;32m  OK  [0m] Started Load AppArmor profiles managed internally by snapd.
[   24.409023] cloud-init[486]: Cloud-init v. 21.1-19-gbad84ad4-0ubuntu1~16.04.2 running 'init-local' at Tue, 14 Mar 2023 20:38:00 +0000. Up 23.85 seconds.
[[0;32m  OK  [0m] Started Initial cloud-init job (pre-networking).
[[0;32m  OK  [0m] Reached target Network (Pre).
         Starting Raise network interfaces...
[[0;32m  OK  [0m] Started Raise network interfaces.
[[0;32m  OK  [0m] Reached target Network.
         Starting Initial cloud-init job (metadata service crawler)...
[   28.234983] cloud-init[966]: Cloud-init v. 21.1-19-gbad84ad4-0ubuntu1~16.04.2 running 'init' at Tue, 14 Mar 2023 20:38:02 +0000. Up 25.32 seconds.
[[   28.280398] cloud-init[966]: ci-info: ++++++++++++++++++++++++++++++++++++++Net device info+++++++++++++++++++++++++++++++++++++++
[   28.283467] cloud-init[966]: ci-info: +--------+-------+----------------------------+---------------+--------+-------------------+
[   28.284026] cloud-init[966]: ci-info: | Device |   Up  |          Address           |      Mask     | Scope  |     Hw-Address    |
[   28.286296] cloud-init[966]: ci-info: +--------+-------+----------------------------+---------------+--------+-------------------+
[   28.286703] cloud-init[966]: ci-info: | enp0s3 |  True |         10.0.2.15          | 255.255.255.0 | global | 02:be:82:6b:cc:1d |
[   28.286837] cloud-init[966]: ci-info: | enp0s3 |  True | fe80::be:82ff:fe6b:cc1d/64 |       .       |  link  | 02:be:82:6b:cc:1d |
[   28.286942] cloud-init[966]: ci-info: | enp0s8 | False |             .              |       .       |   .    | 08:00:27:2d:d8:5a |
[   28.287530] cloud-init[966]: ci-info: |   lo   |  True |         127.0.0.1          |   255.0.0.0   |  host  |         .         |
[   28.287970] cloud-init[966]: ci-info: |   lo   |  True |          ::1/128           |       .       |  host  |         .         |
[   28.288969] cloud-init[966]: ci-info: +--------+-------+----------------------------+---------------+--------+-------------------+
[   28.289451] cloud-init[966]: ci-info: +++++++++++++++++++++++++++Route IPv4 info++++++++++++++++++++++++++++
[   28.289878] cloud-init[966]: ci-info: +-------+-------------+----------+---------------+-----------+-------+
[   28.290512] cloud-init[966]: ci-info: | Route | Destination | Gateway  |    Genmask    | Interface | Flags |
[   28.290976] cloud-init[966]: ci-info: +-------+-------------+----------+---------------+-----------+-------+
[   28.291449] cloud-init[966]: ci-info: |   0   |   0.0.0.0   | 10.0.2.2 |    0.0.0.0    |   enp0s3  |   UG  |
[   28.291917] cloud-init[966]: ci-info: |   1   |   10.0.2.0  | 0.0.0.0  | 255.255.255.0 |   enp0s3  |   U   |
[   28.292903] cloud-init[966]: ci-info: +-------+-------------+----------+---------------+-----------+-------+
[   28.293322] cloud-init[966]: ci-info: +++++++++++++++++++Route IPv6 info+++++++++++++++++++
[   28.293728] cloud-init[966]: ci-info: +-------+-------------+---------+-----------+-------+
[   28.294117] cloud-init[966]: ci-info: | Route | Destination | Gateway | Interface | Flags |
[   28.294570] cloud-init[966]: ci-info: +-------+-------------+---------+-----------+-------+
[   28.295032] cloud-init[966]: ci-info: |   0   |  fe80::/64  |    ::   |   enp0s3  |   U   |
[   28.295514] cloud-init[966]: ci-info: |   3   |   ff00::/8  |    ::   |   enp0s3  |   U   |
[   28.295965] cloud-init[966]: ci-info: +-------+-------------+---------+-----------+-------+
[   28.296899] cloud-init[966]: Generating public/private rsa key pair.
[   28.297402] cloud-init[966]: Your identification has been saved in /etc/ssh/ssh_host_rsa_key.
[   28.297826] cloud-init[966]: Your public key has been saved in /etc/ssh/ssh_host_rsa_key.pub.
[   28.298298] cloud-init[966]: The key fingerprint is:
[   28.298761] cloud-init[966]: SHA256:kFrZReJPTaHZ3ApewGollDdqxpCrlzP75ixrxqHzKMU root@ubuntu-xenial
[   28.299228] cloud-init[966]: The key's randomart image is:
[   28.299692] cloud-init[966]: +---[RSA 2048]----+
[   28.300897] cloud-init[966]: |       oo++ o.   |
[   28.301363] cloud-init[966]: |      o=oo=O .   |
[   28.301819] cloud-init[966]: |      =+o*=.= .  |
[   28.302322] cloud-init[966]: |     o..B+ o .   |
[   28.302785] cloud-init[966]: |   ... =S o .    |
[   28.303212] cloud-init[966]: |    E *          |
[   28.303693] cloud-init[966]: |   . + =         |
[   28.304313] cloud-init[966]: |  . o.*..        |
[   28.304740] cloud-init[966]: |   ..=o*+        |
[   28.305168] cloud-init[966]: +----[SHA256]-----+
[   28.305614] cloud-init[966]: Generating public/private dsa key pair.
[   28.306061] cloud-init[966]: Your identification has been saved in /etc/ssh/ssh_host_dsa_key.
[   28.306526] cloud-init[966]: Your public key has been saved in /etc/ssh/ssh_host_dsa_key.pub.
[   28.306979] cloud-init[966]: The key fingerprint is:
[   28.307458] cloud-init[966]: SHA256:QqOL1rAqoofyi/nnD15/ZXMfuNdxdKLgy5d+kSuahnE root@ubuntu-xenial
[   28.307908] cloud-init[966]: The key's randomart image is:
[   28.308938] cloud-init[966]: +---[DSA 1024]----+
[   28.309373] cloud-init[966]: |                 |
[   28.309816] cloud-init[966]: |                 |
[   28.310282] cloud-init[966]: |      o          |
[   28.310776] cloud-init[966]: |     o .  .   . o|
[   28.311244] cloud-init[966]: |  . . . S. . ..+.|
[   28.311691] cloud-init[966]: |   = . .. E =.+o.|
[   28.312764] cloud-init[966]: | .+ + .  = + +.+=|
[   28.313230] cloud-init[966]: |==...o .. =.+.o.o|
[   28.313814] cloud-init[966]: |X+++o.. .oo+.o.  |
[   28.314217] cloud-init[966]: +----[SHA256]-----+
[   28.314703] cloud-init[966]: Generating public/private ecdsa key pair.
[   28.315112] cloud-init[966]: Your identification has been saved in /etc/ssh/ssh_host_ecdsa_key.
[   28.315522] cloud-init[966]: Your public key has been saved in /etc/ssh/ssh_host_ecdsa_key.pub.
[   28.418448] cloud-init[966]: The key fingerprint is:
[   28.418733] cloud-init[966]: SHA256:BvE7caVM1Ic9SCDecgpj+2vYahjls8x5UKDpoCHnmOs root@ubuntu-xenial
[   28.419155] cloud-init[966]: The key's randomart image is:
[   28.419593] cloud-init[966]: +---[ECDSA 256]---+
[   28.420695] cloud-init[966]: |      . ..++o+   |
[   28.421097] cloud-init[966]: |      .+ = o+ +  |
[   28.421485] cloud-init[966]: |     o=.= *  . . |
[   28.421936] cloud-init[966]: |o o o..=.B       |
[   28.422282] cloud-init[966]: |.B o o..S        |
[   28.422681] cloud-init[966]: |+ . o +o .       |
[   28.423111] cloud-init[966]: | .   = B.        |
[   28.423516] cloud-init[966]: |.   . B +.       |
[   28.424009] cloud-init[966]: |.E   ..+.        |
[   28.424960] cloud-init[966]: +----[SHA256]-----+
[   28.425350] cloud-init[966]: Generating public/private ed25519 key pair.
[   28.425862] cloud-init[966]: Your identification has been saved in /etc/ssh/ssh_host_ed25519_key.
[   28.426317] cloud-init[966]: Your public key has been saved in /etc/ssh/ssh_host_ed25519_key.pub.
[   28.426884] cloud-init[966]: The key fingerprint is:
[   28.427275] cloud-init[966]: SHA256:7Hv2BrJz/POJsP5Qma0fkPtClbVkChHBcGPRGCQT/9I root@ubuntu-xenial
[   28.427743] cloud-init[966]: The key's randomart image is:
[   28.428647] cloud-init[966]: +--[ED25519 256]--+
[   28.429062] cloud-init[966]: |         ==@O    |
[   28.429464] cloud-init[966]: |          *+.. o.|
[   28.430004] cloud-init[966]: |           .. +o.|
[   28.430307] cloud-init[966]: |       .    o*o. |
[   28.430748] cloud-init[966]: |        S  .*E.  |
[   28.431157] cloud-init[966]: |       .. ..o+   |
[   28.431585] cloud-init[966]: |        .+ooo .  |
[   28.431985] cloud-init[966]: |        o.=+++ o |
[   28.432844] cloud-init[966]: |        .*o==+=  |
[   28.433240] cloud-init[966]: +----[SHA256]-----+
[0;32m  OK  [0m] Started Initial cloud-init job (metadata service crawler).
[[0;32m  OK  [0m] Reached target Cloud-config availability.
[[0;32m  OK  [0m] Reached target System Initialization.
[[0;32m  OK  [0m] Started Daily apt download activities.
[[0;32m  OK  [0m] Started Daily Cleanup of Temporary Directories.
[[0;32m  OK  [0m] Started Message of the Day.
[[0;32m  OK  [0m] Started ACPI Events Check.
[[0;32m  OK  [0m] Reached target Paths.
[[0;32m  OK  [0m] Listening on ACPID Listen Socket.
[[0;32m  OK  [0m] Listening on D-Bus System Message Bus Socket.
[[0;32m  OK  [0m] Started Daily apt upgrade and clean activities.
         Starting Socket activation for snappy daemon.
         Starting LXD - unix socket.
[[0;32m  OK  [0m] Started Ubuntu Advantage update messaging.
[[0;32m  OK  [0m] Reached target Timers.
[[0;32m  OK  [0m] Listening on UUID daemon activation socket.
[[0;32m  OK  [0m] Reached target Network is Online.
         Starting iSCSI initiator daemon (iscsid)...
[[0;32m  OK  [0m] Listening on Socket activation for snappy daemon.
[[0;32m  OK  [0m] Listening on LXD - unix socket.
[[0;32m  OK  [0m] Reached target Sockets.
[[0;32m  OK  [0m] Reached target Basic System.
         Starting LSB: MD monitoring daemon...
[[0;32m  OK  [0m] Started ACPI event daemon.
[[0;32m  OK  [0m] Started D-Bus System Message Bus.
[[0;32m  OK  [0m] Started FUSE filesystem for LXC.
[[0;32m  OK  [0m] Started Regular background program processing daemon.
         Starting LXD - container startup/shutdown...
         Starting Pollinate to seed the pseudo random number generator...
         Starting LSB: Record successful boot for GRUB...
         Starting Virtualbox guest utils...
         Starting /etc/rc.local Compatibility...
         Starting System Logging Service...
[[0;32m  OK  [0m] Started Deferred execution scheduler.
         Starting Login Service...
         Starting Accounts Service...
         Starting Snap Daemon...
[[0;32m  OK  [0m] Started /etc/rc.local Compatibility.
[[0;32m  OK  [0m] Started iSCSI initiator daemon (iscsid).
         Starting Login to default iSCSI targets...
[[0;32m  OK  [0m] Started LSB: MD monitoring daemon.
[[0;32m  OK  [0m] Started Login Service.
[[0;32m  OK  [0m] Started Unattended Upgrades Shutdown.
[[0;32m  OK  [0m] Started Login to default iSCSI targets.
[[0;32m  OK  [0m] Started System Logging Service.
[[0;32m  OK  [0m] Reached target Remote File Systems (Pre).
[[0;32m  OK  [0m] Reached target Remote File Systems.
         Starting Permit User Sessions...
         Starting LSB: daemon to balance interrupts for SMP systems...
         Starting LSB: automatic crash report generation...
         Starting LSB: Set the CPU Frequency Scaling governor to "ondemand"...
[[0;32m  OK  [0m] Started Permit User Sessions.
         Starting Hold until boot process finishes up...
         Starting Terminate Plymouth Boot Screen...
[[0;32m  OK  [0m] Started LSB: Set the CPU Frequency Scaling governor to "ondemand".
[[0;32m  OK  [0m] Started Hold until boot process finishes up.
[[0;32m  OK  [0m] Started Terminate Plymouth Boot Screen.
[[0;32m  OK  [0m] Started Serial Getty on ttyS0.
         Starting Set console scheme...
[[0;32m  OK  [0m] Started Getty on tty1.
[[0;32m  OK  [0m] Reached target Login Prompts.
[[0;32m  OK  [0m] Started Set console scheme.
[[0;32m  OK  [0m] Started LSB: Record successful boot for GRUB.
[[0;32m  OK  [0m] Started LSB: automatic crash report generation.
[[0;32m  OK  [0m] Started LSB: daemon to balance interrupts for SMP systems.
[[0;32m  OK  [0m] Started Virtualbox guest utils.
         Starting Authenticate and Authorize Users to Run Privileged Tasks...
[[0;32m  OK  [0m] Started Authenticate and Authorize Users to Run Privileged Tasks.
[[0;32m  OK  [0m] Started Accounts Service.
[[0;32m  OK  [0m] Started LXD - container startup/shutdown.
[[0;32m  OK  [0m] Started Pollinate to seed the pseudo random number generator.
         Starting OpenBSD Secure Shell server...

Ubuntu 16.04.7 LTS ubuntu-xenial ttyS0

ubuntu-xenial login: [   44.608108] cloud-init[1530]: Generating locales (this might take a while)...
[   47.517367] cloud-init[1530]:   en_US.UTF-8... done
[   47.524604] cloud-init[1530]: Generation complete.
[   51.021231] cloud-init[1530]: Cloud-init v. 21.1-19-gbad84ad4-0ubuntu1~16.04.2 running 'modules:config' at Tue, 14 Mar 2023 20:38:20 +0000. Up 43.27 seconds.
ci-info: no authorized SSH keys fingerprints found for user ubuntu.
<14>Mar 14 20:38:28 ec2: 
<14>Mar 14 20:38:28 ec2: #############################################################
<14>Mar 14 20:38:28 ec2: -----BEGIN SSH HOST KEY FINGERPRINTS-----
<14>Mar 14 20:38:28 ec2: 1024 SHA256:QqOL1rAqoofyi/nnD15/ZXMfuNdxdKLgy5d+kSuahnE root@ubuntu-xenial (DSA)
<14>Mar 14 20:38:28 ec2: 256 SHA256:BvE7caVM1Ic9SCDecgpj+2vYahjls8x5UKDpoCHnmOs root@ubuntu-xenial (ECDSA)
<14>Mar 14 20:38:28 ec2: 256 SHA256:7Hv2BrJz/POJsP5Qma0fkPtClbVkChHBcGPRGCQT/9I root@ubuntu-xenial (ED25519)
<14>Mar 14 20:38:28 ec2: 2048 SHA256:kFrZReJPTaHZ3ApewGollDdqxpCrlzP75ixrxqHzKMU root@ubuntu-xenial (RSA)
<14>Mar 14 20:38:28 ec2: -----END SSH HOST KEY FINGERPRINTS-----
<14>Mar 14 20:38:28 ec2: #############################################################
-----BEGIN SSH HOST KEY KEYS-----
ecdsa-sha2-nistp256 AAAAE2VjZHNhLXNoYTItbmlzdHAyNTYAAAAIbmlzdHAyNTYAAABBBDawjlxl8r2+t7s7BmiCV5pPjGlR/EulOMFbaX2+JCYgyFcjBWybkKgN6xjyZpQYHtEWQii1xRk73Bkpvazug64= root@ubuntu-xenial
ssh-ed25519 AAAAC3NzaC1lZDI1NTE5AAAAIO3d3Y5Kf0n8In72wONkYxXBur8yOLbD2W2TY86OoqHJ root@ubuntu-xenial
ssh-rsa AAAAB3NzaC1yc2EAAAADAQABAAABAQC3ROu9qvlwSK4IR5Go+Zg0bim53kawf4BXvem0Hd8bOkhzgbJJzJaGfhhVjgiim5tBhg0XWxa6ajXcdPhIqLGkucKk74Jt/h+btwuOedZlkYgszj24WkJ5+mAUeaK4BAqIej9CTu8Cjr4PwhbB7iiUtSI0cyY+bVZ8jVc/00+mbk8I0d4NbzxAj+h/MOFJb89L7xR6F+Dtr85qyJ31AIf1tFGsOK5evpGErPtoYt8+4Hw0Og+LyHiluK7TpTEa3gsbnO3Jg82y7JiOqQ2/De8prucJqV5POEeOP7vOo8E5u8mGhFY0OMJNvxlBf7WxmwfxarDiRWEiSLo58yEM7JwZ root@ubuntu-xenial
-----END SSH HOST KEY KEYS-----
[   51.770398] cloud-init[1874]: Cloud-init v. 21.1-19-gbad84ad4-0ubuntu1~16.04.2 running 'modules:final' at Tue, 14 Mar 2023 20:38:28 +0000. Up 51.39 seconds.
[   51.770649] cloud-init[1874]: ci-info: no authorized SSH keys fingerprints found for user ubuntu.
[   51.794831] cloud-init[1874]: Cloud-init v. 21.1-19-gbad84ad4-0ubuntu1~16.04.2 finished at Tue, 14 Mar 2023 20:38:28 +0000. Datasource DataSourceNoCloud [seed=/dev/sdb][dsmode=net].  Up 51.72 seconds
