[    0.000000] Initializing cgroup subsys cpuset
[    0.000000] Initializing cgroup subsys cpu
[    0.000000] Initializing cgroup subsys cpuacct
[    0.000000] Linux version 4.4.0-210-generic (buildd@lgw01-amd64-009) (gcc version 5.4.0 20160609 (Ubuntu 5.4.0-6ubuntu1~16.04.12) ) #242-Ubuntu SMP Fri Apr 16 09:57:56 UTC 2021 (Ubuntu 4.4.0-210.242-generic 4.4.262)
[    0.000000] Command line: BOOT_IMAGE=/boot/vmlinuz-4.4.0-210-generic root=LABEL=cloudimg-rootfs ro console=tty1 console=ttyS0
[    0.000000] KERNEL supported cpus:
[    0.000000]   Intel GenuineIntel
[    0.000000]   AMD AuthenticAMD
[    0.000000]   Centaur CentaurHauls
[    0.000000] x86/fpu: Legacy x87 FPU detected.
[    0.000000] e820: BIOS-provided physical RAM map:
[    0.000000] BIOS-e820: [mem 0x0000000000000000-0x000000000009fbff] usable
[    0.000000] BIOS-e820: [mem 0x000000000009fc00-0x000000000009ffff] reserved
[    0.000000] BIOS-e820: [mem 0x00000000000f0000-0x00000000000fffff] reserved
[    0.000000] BIOS-e820: [mem 0x0000000000100000-0x000000007ffeffff] usable
[    0.000000] BIOS-e820: [mem 0x000000007fff0000-0x000000007fffffff] ACPI data
[    0.000000] BIOS-e820: [mem 0x00000000fec00000-0x00000000fec00fff] reserved
[    0.000000] BIOS-e820: [mem 0x00000000fee00000-0x00000000fee00fff] reserved
[    0.000000] BIOS-e820: [mem 0x00000000fffc0000-0x00000000ffffffff] reserved
[    0.000000] NX (Execute Disable) protection: active
[    0.000000] SMBIOS 2.5 present.
[    0.000000] Hypervisor detected: KVM
[    0.000000] Kernel/User page tables isolation: disabled
[    0.000000] e820: last_pfn = 0x7fff0 max_arch_pfn = 0x400000000
[    0.000000] MTRR: Disabled
[    0.000000] x86/PAT: MTRRs disabled, skipping PAT initialization too.
[    0.000000] CPU MTRRs all blank - virtualized system.
[    0.000000] x86/PAT: Configuration [0-7]: WB  WT  UC- UC  WB  WT  UC- UC  
[    0.000000] found SMP MP-table at [mem 0x0009fff0-0x0009ffff] mapped at [ffff88000009fff0]
[    0.000000] Scanning 1 areas for low memory corruption
[    0.000000] RAMDISK: [mem 0x362dc000-0x37165fff]
[    0.000000] ACPI: Early table checksum verification disabled
[    0.000000] ACPI: RSDP 0x00000000000E0000 000024 (v02 VBOX  )
[    0.000000] ACPI: XSDT 0x000000007FFF0030 00003C (v01 VBOX   VBOXXSDT 00000001 ASL  00000061)
[    0.000000] ACPI: FACP 0x000000007FFF00F0 0000F4 (v04 VBOX   VBOXFACP 00000001 ASL  00000061)
[    0.000000] ACPI: DSDT 0x000000007FFF0610 002353 (v02 VBOX   VBOXBIOS 00000002 INTL 20100528)
[    0.000000] ACPI: FACS 0x000000007FFF0200 000040
[    0.000000] ACPI: FACS 0x000000007FFF0200 000040
[    0.000000] ACPI: APIC 0x000000007FFF0240 00005C (v02 VBOX   VBOXAPIC 00000001 ASL  00000061)
[    0.000000] ACPI: SSDT 0x000000007FFF02A0 00036C (v01 VBOX   VBOXCPUT 00000002 INTL 20100528)
[    0.000000] No NUMA configuration found
[    0.000000] Faking a node at [mem 0x0000000000000000-0x000000007ffeffff]
[    0.000000] NODE_DATA(0) allocated [mem 0x7ffeb000-0x7ffeffff]
[    0.000000] kvm-clock: Using msrs 4b564d01 and 4b564d00
[    0.000000] kvm-clock: cpu 0, msr 0:7ffe3001, primary cpu clock
[    0.000000] kvm-clock: using sched offset of 6598970957 cycles
[    0.000000] clocksource: kvm-clock: mask: 0xffffffffffffffff max_cycles: 0x1cd42e4dffb, max_idle_ns: 881590591483 ns
[    0.000000] Zone ranges:
[    0.000000]   DMA      [mem 0x0000000000001000-0x0000000000ffffff]
[    0.000000]   DMA32    [mem 0x0000000001000000-0x000000007ffeffff]
[    0.000000]   Normal   empty
[    0.000000]   Device   empty
[    0.000000] Movable zone start for each node
[    0.000000] Early memory node ranges
[    0.000000]   node   0: [mem 0x0000000000001000-0x000000000009efff]
[    0.000000]   node   0: [mem 0x0000000000100000-0x000000007ffeffff]
[    0.000000] Initmem setup node 0 [mem 0x0000000000001000-0x000000007ffeffff]
[    0.000000] ACPI: PM-Timer IO Port: 0x4008
[    0.000000] IOAPIC[0]: apic_id 2, version 32, address 0xfec00000, GSI 0-23
[    0.000000] ACPI: INT_SRC_OVR (bus 0 bus_irq 0 global_irq 2 dfl dfl)
[    0.000000] ACPI: INT_SRC_OVR (bus 0 bus_irq 9 global_irq 9 low level)
[    0.000000] Using ACPI (MADT) for SMP configuration information
[    0.000000] smpboot: Allowing 2 CPUs, 0 hotplug CPUs
[    0.000000] PM: Registered nosave memory: [mem 0x00000000-0x00000fff]
[    0.000000] PM: Registered nosave memory: [mem 0x0009f000-0x0009ffff]
[    0.000000] PM: Registered nosave memory: [mem 0x000a0000-0x000effff]
[    0.000000] PM: Registered nosave memory: [mem 0x000f0000-0x000fffff]
[    0.000000] e820: [mem 0x80000000-0xfebfffff] available for PCI devices
[    0.000000] Booting paravirtualized kernel on KVM
[    0.000000] clocksource: refined-jiffies: mask: 0xffffffff max_cycles: 0xffffffff, max_idle_ns: 7645519600211568 ns
[    0.000000] setup_percpu: NR_CPUS:512 nr_cpumask_bits:512 nr_cpu_ids:2 nr_node_ids:1
[    0.000000] PERCPU: Embedded 33 pages/cpu @ffff88007fc00000 s95192 r8192 d31784 u1048576
[    0.000000] Built 1 zonelists in Node order, mobility grouping on.  Total pages: 515960
[    0.000000] Policy zone: DMA32
[    0.000000] Kernel command line: BOOT_IMAGE=/boot/vmlinuz-4.4.0-210-generic root=LABEL=cloudimg-rootfs ro console=tty1 console=ttyS0
[    0.000000] PID hash table entries: 4096 (order: 3, 32768 bytes)
[    0.000000] Memory: 2029984K/2096696K available (8644K kernel code, 1332K rwdata, 4044K rodata, 1492K init, 1164K bss, 66712K reserved, 0K cma-reserved)
[    0.000000] SLUB: HWalign=64, Order=0-3, MinObjects=0, CPUs=2, Nodes=1
[    0.000000] Hierarchical RCU implementation.
[    0.000000] 	Build-time adjustment of leaf fanout to 64.
[    0.000000] 	RCU restricting CPUs from NR_CPUS=512 to nr_cpu_ids=2.
[    0.000000] RCU: Adjusting geometry for rcu_fanout_leaf=64, nr_cpu_ids=2
[    0.000000] NR_IRQS:33024 nr_irqs:440 16
[    0.000000] Console: colour VGA+ 80x25
[    0.000000] console [tty1] enabled
[    0.000000] console [ttyS0] enabled
[    0.000000] tsc: Detected 1190.402 MHz processor
[    1.653791] Calibrating delay loop (skipped) preset value.. 2380.80 BogoMIPS (lpj=4761608)
[    1.677026] pid_max: default: 32768 minimum: 301
[    1.685218] ACPI: Core revision 20150930
[    1.695900] ACPI: 2 ACPI AML tables successfully acquired and loaded
[    1.716722] Security Framework initialized
[    1.729046] Yama: becoming mindful.
[    1.740800] AppArmor: AppArmor initialized
[    1.753391] Dentry cache hash table entries: 262144 (order: 9, 2097152 bytes)
[    1.794690] Inode-cache hash table entries: 131072 (order: 8, 1048576 bytes)
[    1.822737] Mount-cache hash table entries: 4096 (order: 3, 32768 bytes)
[    1.838240] Mountpoint-cache hash table entries: 4096 (order: 3, 32768 bytes)
[    1.856965] Initializing cgroup subsys io
[    1.869827] Initializing cgroup subsys memory
[    1.882378] Initializing cgroup subsys devices
[    1.899495] Initializing cgroup subsys freezer
[    1.909477] Initializing cgroup subsys net_cls
[    1.918124] Initializing cgroup subsys perf_event
[    1.929038] Initializing cgroup subsys net_prio
[    1.938428] Initializing cgroup subsys hugetlb
[    1.952201] Initializing cgroup subsys pids
[    1.969164] mce: CPU supports 0 MCE banks
[    1.980426] Last level iTLB entries: 4KB 0, 2MB 0, 4MB 0
[    1.994735] Last level dTLB entries: 4KB 0, 2MB 0, 4MB 0, 1GB 0
[    2.005224] Spectre V1 : Mitigation: usercopy/swapgs barriers and __user pointer sanitization
[    2.023906] Spectre V2 : Mitigation: Enhanced IBRS
[    2.035033] Spectre V2 : Spectre v2 / SpectreRSB mitigation: Filling RSB on context switch
[    2.054671] Speculative Store Bypass: Vulnerable
[    2.150061] Freeing SMP alternatives memory: 36K
[    2.342829] ftrace: allocating 32380 entries in 127 pages
[    3.611461] smpboot: APIC(0) Converting physical 0 to logical package 0
[    3.627387] smpboot: Max logical packages: 1
[    3.676019] ..TIMER: vector=0x30 apic1=0 pin1=2 apic2=-1 pin2=-1
[    3.800321] APIC calibration not consistent with PM-Timer: 102ms instead of 100ms
[    3.819624] APIC delta adjusted to PM-Timer: 6287531 (6442211)
[    3.836290] smpboot: CPU0: Intel(R) Core(TM) i3-1005G1 CPU @ 1.20GHz (family: 0x6, model: 0x7e, stepping: 0x5)
[    3.867845] Performance Events: unsupported p6 CPU model 126 no PMU driver, software events only.
[    4.098613] KVM setup paravirtual spinlock
[    4.113933] x86: Booting SMP configuration:
[    4.122166] .... node  #0, CPUs:      #1
[    4.134982] kvm-clock: cpu 1, msr 0:7ffe3041, secondary cpu clock
[    4.151617] mce: CPU supports 0 MCE banks
[    4.157340] TSC synchronization [CPU#0 -> CPU#1]:
[    4.168926] Measured 43137 cycles TSC warp between CPUs, turning off TSC clock.
[    4.186377] tsc: Marking TSC unstable due to check_tsc_sync_source failed
[    0.894480] x86: Booted up 1 node, 2 CPUs
[    0.896018] smpboot: Total of 2 processors activated (4761.60 BogoMIPS)
[    0.916548] devtmpfs: initialized
[    0.923641] evm: security.selinux
[    0.924009] evm: security.SMACK64
[    0.928010] evm: security.SMACK64EXEC
[    0.932008] evm: security.SMACK64TRANSMUTE
[    0.936008] evm: security.SMACK64MMAP
[    0.940011] evm: security.ima
[    0.944011] evm: security.capability
[    0.952022] clocksource: jiffies: mask: 0xffffffff max_cycles: 0xffffffff, max_idle_ns: 7645041785100000 ns
[    0.956037] futex hash table entries: 512 (order: 3, 32768 bytes)
[    0.964324] pinctrl core: initialized pinctrl subsystem
[    0.973269] RTC time:  1:05:37, date: 03/24/23
[    0.984184] NET: Registered protocol family 16
[    1.000013] cpuidle: using governor ladder
[    1.016025] cpuidle: using governor menu
[    1.020021] PCCT header not found.
[    1.028334] ACPI: bus type PCI registered
[    1.032027] acpiphp: ACPI Hot Plug PCI Controller Driver version: 0.5
[    1.041147] PCI: Using configuration type 1 for base access
[    1.072160] ACPI: Added _OSI(Module Device)
[    1.076008] ACPI: Added _OSI(Processor Device)
[    1.080010] ACPI: Added _OSI(3.0 _SCP Extensions)
[    1.084008] ACPI: Added _OSI(Processor Aggregator Device)
[    1.093435] ACPI: Executed 1 blocks of module-level executable AML code
[    1.118666] ACPI: Interpreter enabled
[    1.120118] ACPI: (supports S0 S5)
[    1.124011] ACPI: Using IOAPIC for interrupt routing
[    1.132410] PCI: Using host bridge windows from ACPI; if necessary, use "pci=nocrs" and report a bug
[    1.168558] ACPI: PCI Root Bridge [PCI0] (domain 0000 [bus 00-ff])
[    1.172017] acpi PNP0A03:00: _OSC: OS supports [ASPM ClockPM Segments MSI]
[    1.181054] acpi PNP0A03:00: _OSC: not requesting OS control; OS requires [ExtendedConfig ASPM ClockPM MSI]
[    1.184032] acpi PNP0A03:00: fail to add MMCONFIG information, can't access extended PCI configuration space under this bridge.
[    1.196163] PCI host bridge to bus 0000:00
[    1.200020] pci_bus 0000:00: root bus resource [io  0x0000-0x0cf7 window]
[    1.204010] pci_bus 0000:00: root bus resource [io  0x0d00-0xffff window]
[    1.208016] pci_bus 0000:00: root bus resource [mem 0x000a0000-0x000bffff window]
[    1.212010] pci_bus 0000:00: root bus resource [mem 0x80000000-0xfdffffff window]
[    1.216013] pci_bus 0000:00: root bus resource [bus 00-ff]
[    1.239280] pci 0000:00:01.1: legacy IDE quirk: reg 0x10: [io  0x01f0-0x01f7]
[    1.240009] pci 0000:00:01.1: legacy IDE quirk: reg 0x14: [io  0x03f6]
[    1.244014] pci 0000:00:01.1: legacy IDE quirk: reg 0x18: [io  0x0170-0x0177]
[    1.248032] pci 0000:00:01.1: legacy IDE quirk: reg 0x1c: [io  0x0376]
[    1.282397] pci 0000:00:07.0: quirk: [io  0x4000-0x403f] claimed by PIIX4 ACPI
[    1.284054] pci 0000:00:07.0: quirk: [io  0x4100-0x410f] claimed by PIIX4 SMB
[    1.312759] ACPI: PCI Interrupt Link [LNKA] (IRQs 5 9 10 *11)
[    1.326594] ACPI: PCI Interrupt Link [LNKB] (IRQs 5 9 *10 11)
[    1.340648] ACPI: PCI Interrupt Link [LNKC] (IRQs 5 *9 10 11)
[    1.352548] ACPI: PCI Interrupt Link [LNKD] (IRQs 5 9 10 *11)
[    1.371277] ACPI: Enabled 2 GPEs in block 00 to 07
[    1.376134] vgaarb: setting as boot device: PCI:0000:00:02.0
[    1.380000] vgaarb: device added: PCI:0000:00:02.0,decodes=io+mem,owns=io+mem,locks=none
[    1.380013] vgaarb: loaded
[    1.384011] vgaarb: bridge control possible 0000:00:02.0
[    1.389037] SCSI subsystem initialized
[    1.396337] ACPI: bus type USB registered
[    1.400211] usbcore: registered new interface driver usbfs
[    1.404119] usbcore: registered new interface driver hub
[    1.408065] usbcore: registered new device driver usb
[    1.420407] PCI: Using ACPI for IRQ routing
[    1.429726] NetLabel: Initializing
[    1.432008] NetLabel:  domain hash size = 128
[    1.436012] NetLabel:  protocols = UNLABELED CIPSOv4
[    1.444070] NetLabel:  unlabeled traffic allowed by default
[    1.452102] amd_nb: Cannot enumerate AMD northbridges
[    1.457278] clocksource: Switched to clocksource kvm-clock
[    1.472821] AppArmor: AppArmor Filesystem Enabled
[    1.472821] pnp: PnP ACPI init
[    1.472821] pnp: PnP ACPI: found 3 devices
[    1.647493] clocksource: acpi_pm: mask: 0xffffff max_cycles: 0xffffff, max_idle_ns: 2085701024 ns
[    1.648637] NET: Registered protocol family 2
[    1.671625] TCP established hash table entries: 16384 (order: 5, 131072 bytes)
[    1.685117] TCP bind hash table entries: 16384 (order: 6, 262144 bytes)
[    1.696173] TCP: Hash tables configured (established 16384 bind 16384)
[    1.698598] UDP hash table entries: 1024 (order: 3, 32768 bytes)
[    1.698598] UDP-Lite hash table entries: 1024 (order: 3, 32768 bytes)
[    1.698598] NET: Registered protocol family 1
[    1.698598] pci 0000:00:00.0: Limiting direct PCI/PCI transfers
[    1.698598] pci 0000:00:01.0: Activating ISA DMA hang workarounds
[    1.698598] Unpacking initramfs...
[    2.461397] Freeing initrd memory: 14888K
[    2.461397] clocksource: tsc: mask: 0xffffffffffffffff max_cycles: 0x1128b0cf317, max_idle_ns: 440795227453 ns
[    2.669304] platform rtc_cmos: registered platform RTC device (no PNP device found)
[    2.672863] Scanning for low memory corruption every 60 seconds
[    2.709093] audit: initializing netlink subsys (disabled)
[    2.725103] audit: type=2000 audit(1679619944.411:1): initialized
[    2.746895] Initialise system trusted keyring
[    2.766033] HugeTLB registered 2 MB page size, pre-allocated 0 pages
[    2.784519] zbud: loaded
[    2.794828] VFS: Disk quotas dquot_6.6.0
[    2.804673] VFS: Dquot-cache hash table entries: 512 (order 0, 4096 bytes)
[    2.808394] squashfs: version 4.0 (2009/01/31) Phillip Lougher
[    2.829122] fuse init (API version 7.23)
[    2.836311] Key type big_key registered
[    2.842790] Allocating IMA MOK and blacklist keyrings.
[    2.874627] Key type asymmetric registered
[    2.883353] Asymmetric key parser 'x509' registered
[    2.896889] Block layer SCSI generic (bsg) driver version 0.4 loaded (major 249)
[    2.915432] io scheduler noop registered
[    2.924920] io scheduler deadline registered (default)
[    2.936845] io scheduler cfq registered
[    2.940677] pci_hotplug: PCI Hot Plug PCI Core version: 0.5
[    2.940677] pciehp: PCI Express Hot Plug Controller Driver version: 0.4
[    2.940677] ACPI: AC Adapter [AC] (off-line)
[    2.940677] input: Power Button as /devices/LNXSYSTM:00/LNXPWRBN:00/input/input0
[    2.940677] ACPI: Power Button [PWRF]
[    2.940677] input: Sleep Button as /devices/LNXSYSTM:00/LNXSLPBN:00/input/input1
[    2.940677] ACPI: Sleep Button [SLPF]
[    3.022768] GHES: HEST is not enabled!
[    3.025464] ACPI: Battery Slot [BAT0] (battery present)
[    3.035565] Serial: 8250/16550 driver, 32 ports, IRQ sharing enabled
[    3.076850] 00:02: ttyS0 at I/O 0x3f8 (irq = 4, base_baud = 115200) is a 16550A
[    3.128110] Linux agpgart interface v0.103
[    3.146670] loop: module loaded
[    3.154488] scsi host0: ata_piix
[    3.162477] scsi host1: ata_piix
[    3.166396] ata1: PATA max UDMA/33 cmd 0x1f0 ctl 0x3f6 bmdma 0xd000 irq 14
[    3.170306] ata2: PATA max UDMA/33 cmd 0x170 ctl 0x376 bmdma 0xd008 irq 15
[    3.189288] libphy: Fixed MDIO Bus: probed
[    3.199308] tun: Universal TUN/TAP device driver, 1.6
[    3.212484] tun: (C) 1999-2004 Max Krasnyansky <maxk@qualcomm.com>
[    3.229779] PPP generic driver version 2.4.2
[    3.240534] ehci_hcd: USB 2.0 'Enhanced' Host Controller (EHCI) Driver
[    3.249412] ehci-pci: EHCI PCI platform driver
[    3.261793] ehci-platform: EHCI generic platform driver
[    3.269715] ohci_hcd: USB 1.1 'Open' Host Controller (OHCI) Driver
[    3.282255] ohci-pci: OHCI PCI platform driver
[    3.286122] ohci-platform: OHCI generic platform driver
[    3.286122] uhci_hcd: USB Universal Host Controller Interface driver
[    3.286122] i8042: PNP: PS/2 Controller [PNP0303:PS2K,PNP0f03:PS2M] at 0x60,0x64 irq 1,12
[    3.336141] serio: i8042 KBD port at 0x60,0x64 irq 1
[    3.336141] serio: i8042 AUX port at 0x60,0x64 irq 12
[    3.366844] mousedev: PS/2 mouse device common for all mice
[    3.492847] rtc_cmos rtc_cmos: rtc core: registered rtc_cmos as rtc0
[    3.509977] rtc_cmos rtc_cmos: alarms up to one day, 114 bytes nvram
[    3.518420] i2c /dev entries driver
[    3.524597] device-mapper: uevent: version 1.0.3
[    3.538101] device-mapper: ioctl: 4.34.0-ioctl (2015-10-28) initialised: dm-devel@redhat.com
[    3.559092] ledtrig-cpu: registered to indicate activity on CPUs
[    3.559265] input: AT Translated Set 2 keyboard as /devices/platform/i8042/serio0/input/input2
[    3.597455] NET: Registered protocol family 10
[    3.607488] NET: Registered protocol family 17
[    3.626113] Key type dns_resolver registered
[    3.636813] registered taskstats version 1
[    3.646128] Loading compiled-in X.509 certificates
[    3.655896] Loaded X.509 cert 'Build time autogenerated kernel key: cf00e047681d67edb2720680708b7d9498083038'
[    3.687241] zswap: loaded using pool lzo/zbud
[    3.706038] Key type trusted registered
[    3.731978] Key type encrypted registered
[    3.738525] AppArmor: AppArmor sha1 policy hashing enabled
[    3.749513] ima: No TPM chip found, activating TPM-bypass!
[    3.756295] ima: Allocated hash algorithm: sha1
[    3.762253] evm: HMAC attrs: 0x1
[    3.767976]   Magic number: 15:400:54
[    3.775124] rtc_cmos rtc_cmos: setting system clock to 2023-03-24 01:05:41 UTC (1679619941)
[    3.792634] BIOS EDD facility v0.16 2004-Jun-25, 0 devices found
[    3.800390] EDD information not available.
[    3.809136] Freeing unused kernel memory: 1492K
[    3.825233] Write protecting the kernel read-only data: 14336k
[    3.833408] Freeing unused kernel memory: 1584K
[    3.839699] Freeing unused kernel memory: 52K
Loading, please wait...
starting version 229
[    3.883256] random: udevadm: uninitialized urandom read (16 bytes read, 11 bits of entropy available)
[    3.883962] random: systemd-udevd: uninitialized urandom read (16 bytes read, 11 bits of entropy available)
[    3.884067] random: systemd-udevd: uninitialized urandom read (16 bytes read, 11 bits of entropy available)
[    3.884088] random: systemd-udevd: uninitialized urandom read (16 bytes read, 11 bits of entropy available)
[    3.884111] random: systemd-udevd: uninitialized urandom read (16 bytes read, 11 bits of entropy available)
[    3.959308] random: udevadm: uninitialized urandom read (16 bytes read, 11 bits of entropy available)
[    3.986731] random: systemd-udevd: uninitialized urandom read (16 bytes read, 11 bits of entropy available)
[    3.995433] random: udevadm: uninitialized urandom read (16 bytes read, 11 bits of entropy available)
[    3.995481] random: udevadm: uninitialized urandom read (16 bytes read, 11 bits of entropy available)
[    3.995685] random: udevadm: uninitialized urandom read (16 bytes read, 11 bits of entropy available)
[    4.128445] e1000: Intel(R) PRO/1000 Network Driver - version 7.3.21-k8-NAPI
[    4.132006] e1000: Copyright (c) 1999-2006 Intel Corporation.
[    4.182128] Fusion MPT base driver 3.04.20
[    4.190454] Copyright (c) 1999-2008 LSI Corporation
[    4.263084] Fusion MPT SPI Host driver 3.04.20
[    4.382061] SSE version of gcm_enc/dec engaged.
[    4.631321] input: ImExPS/2 Generic Explorer Mouse as /devices/platform/i8042/serio1/input/input4
[    5.203750] e1000 0000:00:03.0 eth0: (PCI:33MHz:32-bit) 02:be:82:6b:cc:1d
[    5.214515] e1000 0000:00:03.0 eth0: Intel(R) PRO/1000 Network Connection
[    6.804581] e1000 0000:00:08.0 eth1: (PCI:33MHz:32-bit) 08:00:27:c5:72:6b
[    7.068850] e1000 0000:00:08.0 eth1: Intel(R) PRO/1000 Network Connection
[    7.096698] mptbase: ioc0: Initiating bringup
[    7.100738] e1000 0000:00:03.0 enp0s3: renamed from eth0
[    7.133215] e1000 0000:00:08.0 enp0s8: renamed from eth1
[    7.209985] ioc0: LSI53C1030 A0: Capabilities={Initiator}
[    7.436549] scsi host2: ioc0: LSI53C1030 A0, FwRev=00000000h, Ports=1, MaxQ=256, IRQ=20
[    7.570802] scsi 2:0:0:0: Direct-Access     VBOX     HARDDISK         1.0  PQ: 0 ANSI: 5
[    7.597579] scsi target2:0:0: Beginning Domain Validation
[    7.629620] scsi target2:0:0: Domain Validation skipping write tests
[    7.642796] scsi target2:0:0: Ending Domain Validation
[    7.657342] scsi target2:0:0: asynchronous
[    7.677841] scsi 2:0:1:0: Direct-Access     VBOX     HARDDISK         1.0  PQ: 0 ANSI: 5
[    7.699812] scsi target2:0:1: Beginning Domain Validation
[    7.721405] scsi target2:0:1: Domain Validation skipping write tests
[    7.732325] scsi target2:0:1: Ending Domain Validation
[    7.788499] scsi target2:0:1: asynchronous
[    7.886010] sd 2:0:0:0: [sda] 83886080 512-byte logical blocks: (42.9 GB/40.0 GiB)
[    7.905273] sd 2:0:0:0: Attached scsi generic sg0 type 0
[    7.906654] sd 2:0:0:0: [sda] Write Protect is off
[    7.907785] sd 2:0:0:0: [sda] Incomplete mode parameter data
[    7.907788] sd 2:0:0:0: [sda] Assuming drive cache: write through
[    7.949847] sd 2:0:1:0: Attached scsi generic sg1 type 0
[    7.954603] sd 2:0:1:0: [sdb] 20480 512-byte logical blocks: (10.5 MB/10.0 MiB)
[    7.957821] sd 2:0:1:0: [sdb] Write Protect is off
[    7.959141] sd 2:0:1:0: [sdb] Incomplete mode parameter data
[    7.959144] sd 2:0:1:0: [sdb] Assuming drive cache: write through
[    8.103446]  sda: sda1
[    8.131260] sd 2:0:0:0: [sda] Attached SCSI disk
[    8.795567] sd 2:0:1:0: [sdb] Attached SCSI disk
Begin: Loading essential drivers ... [   12.499624] md: linear personality registered for level -1
[   12.519562] md: multipath personality registered for level -4
[   12.538847] md: raid0 personality registered for level 0
[   12.591365] md: raid1 personality registered for level 1
[   12.696841] raid6: sse2x1   gen()  4700 MB/s
[   12.768560] raid6: sse2x1   xor()  3777 MB/s
[   12.846359] raid6: sse2x2   gen()  4444 MB/s
[   12.924958] raid6: sse2x2   xor()  4568 MB/s
[   13.004586] raid6: sse2x4   gen()  6562 MB/s
[   13.081003] raid6: sse2x4   xor()  4314 MB/s
[   13.093261] raid6: using algorithm sse2x4 gen() 6562 MB/s
[   13.102026] raid6: .... xor() 4314 MB/s, rmw enabled
[   13.112201] raid6: using ssse3x2 recovery algorithm
[   13.136264] xor: measuring software checksum speed
[   17.800825]    prefetch64-sse: -1818588.-296 MB/sec
[   17.915528]    generic_sse: 26671.000 MB/sec
[   17.922257] xor: using function: generic_sse (26671.000 MB/sec)
[   17.945669] async_tx: api initialized (async)
[   18.072001] md: raid6 personality registered for level 6
[   18.086140] md: raid5 personality registered for level 5
[   18.105125] md: raid4 personality registered for level 4
[   18.174845] md: raid10 personality registered for level 10
done.
Begin: Running /scripts/init-premount ... done.
Begin: Mounting root file system ... Begin: Running /scripts/local-top ... done.
Begin: Running /scripts/local-premount ... [   18.401436] Btrfs loaded
Scanning for Btrfs filesystems
[   18.419969] random: nonblocking pool is initialized
done.
Warning: fsck not present, so skipping root file system
[   19.202294] EXT4-fs (sda1): mounted filesystem with ordered data mode. Opts: (null)
done.
Begin: Running /scripts/local-bottom ... done.
Begin: Running /scripts/init-bottom ... done.
[   21.211930] systemd[1]: systemd 229 running in system mode. (+PAM +AUDIT +SELINUX +IMA +APPARMOR +SMACK +SYSVINIT +UTMP +LIBCRYPTSETUP +GCRYPT +GNUTLS +ACL +XZ -LZ4 +SECCOMP +BLKID +ELFUTILS +KMOD -IDN)
[   21.247751] systemd[1]: Detected virtualization oracle.
[   21.259806] systemd[1]: Detected architecture x86-64.

Welcome to [1mUbuntu 16.04.7 LTS[0m!

[   21.333078] systemd[1]: Set hostname to <ubuntu>.
[   21.375667] systemd[1]: Initializing machine ID from random generator.
[   21.379466] systemd[1]: Installed transient /etc/machine-id file.
[   23.051883] systemd[1]: Listening on LVM2 poll daemon socket.
[[0;32m  OK  [0m] Listening on LVM2 poll daemon socket.
[   23.076317] systemd[1]: Listening on Journal Audit Socket.
[[0;32m  OK  [0m] Listening on Journal Audit Socket.
[   23.096096] systemd[1]: Listening on Device-mapper event daemon FIFOs.
[[0;32m  OK  [0m] Listening on Device-mapper event daemon FIFOs.
[   23.123776] systemd[1]: Reached target System Time Synchronized.
[[0;32m  OK  [0m] Reached target System Time Synchronized.
[   23.156614] systemd[1]: Listening on fsck to fsckd communication Socket.
[[0;32m  OK  [0m] Listening on fsck to fsckd communication Socket.
[   23.179420] systemd[1]: Listening on /dev/initctl Compatibility Named Pipe.
[[0;32m  OK  [0m] Listening on /dev/initctl Compatibility Named Pipe.
[   23.202985] systemd[1]: Listening on udev Control Socket.
[[0;32m  OK  [0m] Listening on udev Control Socket.
[   23.229027] systemd[1]: Created slice System Slice.
[[0;32m  OK  [0m] Created slice System Slice.
[   23.246288] systemd[1]: Reached target User and Group Name Lookups.
[[0;32m  OK  [0m] Reached target User and Group Name Lookups.
[   23.266928] systemd[1]: Reached target Encrypted Volumes.
[[0;32m  OK  [0m] Reached target Encrypted Volumes.
[   23.291556] systemd[1]: Listening on Syslog Socket.
[[0;32m  OK  [0m] Listening on Syslog Socket.
[   23.313494] systemd[1]: Listening on udev Kernel Socket.
[[0;32m  OK  [0m] Listening on udev Kernel Socket.
[   23.341532] systemd[1]: Listening on Journal Socket (/dev/log).
[[0;32m  OK  [0m] Listening on Journal Socket (/dev/log).
[   23.361604] systemd[1]: Started Forward Password Requests to Wall Directory Watch.
[[0;32m  OK  [0m] Started Forward Password Requests to Wall Directory Watch.
[   23.389059] systemd[1]: Reached target Swap.
[[0;32m  OK  [0m] Reached target Swap.
[   23.409224] systemd[1]: Created slice system-serial\x2dgetty.slice.
[[0;32m  OK  [0m] Created slice system-serial\x2dgetty.slice.
[   23.429672] systemd[1]: Started Trigger resolvconf update for networkd DNS.
[[0;32m  OK  [0m] Started Trigger resolvconf update for networkd DNS.
[   23.451306] systemd[1]: Created slice User and Session Slice.
[[0;32m  OK  [0m] Created slice User and Session Slice.
[   23.473302] systemd[1]: Reached target Slices.
[[0;32m  OK  [0m] Reached target Slices.
[   23.488877] systemd[1]: Set up automount Arbitrary Executable File Formats File System Automount Point.
[[0;32m  OK  [0m] Set up automount Arbitrary Executab...ats File System Automount Point.
[   23.518283] systemd[1]: Listening on LVM2 metadata daemon socket.
[[0;32m  OK  [0m] Listening on LVM2 metadata daemon socket.
[   23.542756] systemd[1]: Listening on Journal Socket.
[[0;32m  OK  [0m] Listening on Journal Socket.
[   23.581333] systemd[1]: Mounting Huge Pages File System...
         Mounting Huge Pages File System...
[   23.611912] systemd[1]: Starting File System Check on Root Device...
         Starting File System Check on Root Device...
[   23.649407] systemd[1]: Starting Monitoring of LVM2 mirrors, snapshots etc. using dmeventd or progress polling...
         Starting Monitoring of LVM2 mirrors... dmeventd or progress polling...
[   23.691431] systemd[1]: Starting Uncomplicated firewall...
         Starting Uncomplicated firewall...
[   23.725575] systemd[1]: Starting Nameserver information manager...
         Starting Nameserver information manager...
[   23.817471] systemd[1]: Starting Load Kernel Modules...
         Starting Load Kernel Modules...
[   23.855847] systemd[1]: Starting Journal Service...
         Starting Journal Service...
[   23.915236] systemd[1]: Starting Create list of required static device nodes for the current kernel...
         Starting Create list of required st... nodes for the current kernel...
[   23.986829] systemd[1]: Mounting POSIX Message Queue File System...
         Mounting POSIX Message Queue File System...
[   24.048617] Loading iSCSI transport class v2.0-870.
[   24.049161] systemd[1]: Starting Set console keymap...
         Starting Set console keymap...
[   24.097352] systemd[1]: Mounting Debug File System...
         Mounting Debug File System...
[   24.128959] systemd[1]: Mounted Huge Pages File System.
[[0;32m  OK  [0m] Mounted Huge Pages File System.
[   24.157622] systemd[1]: Mounted POSIX Message Queue File System.
[[0;32m  OK  [0m] Mounted POSIX Message Queue File System.
[   24.204809] systemd[1]: Mounted Debug File System.
[   24.227484] iscsi: registered transport (tcp)
[[0;32m  OK  [0m] Mounted Debug File System.
[   24.252715] systemd[1]: Started Uncomplicated firewall.
[[0;32m  OK  [0m] Started Uncomplicated firewall.
[   24.302307] systemd[1]: Started Create list of required static device nodes for the current kernel.
[[0;32m  OK  [0m] Started Create list of required sta...ce nodes for the current kernel.
[   24.354153] systemd[1]: Started LVM2 metadata daemon.
[[0;32m  OK  [0m] Started LVM2 metadata daemon.
[   24.410338] systemd[1]: Started File System Check Daemon to report status.
[[0;32m  OK  [0m] Started File System Check Daemon to report status.
[   24.473176] systemd[1]: Starting Create Static Device Nodes in /dev...
         Starting Create Static Device Nodes in /dev...
[   24.514007] systemd[1]: Started Journal Service.
[[0;32m  OK  [0m] Started Journal Service.
[[0;32m  OK  [0m] Started File System Check on Root Device.
[[0;32m  OK  [0m] Started Set console keymap.
[[0;32m  OK  [0m] Started Nameserver information manager.
         Starting Remount Root and Kernel File Systems...
[   24.735008] iscsi: registered transport (iser)
[   24.738957] EXT4-fs (sda1): re-mounted. Opts: (null)
[[0;32m  OK  [0m] Started Remount Root and Kernel File Systems.
[[0;32m  OK  [0m] Started Load Kernel Modules.
[[0;32m  OK  [0m] Started Create Static Device Nodes in /dev.
         Starting udev Kernel Device Manager...
         Starting Apply Kernel Variables...
         Mounting FUSE Control File System...
         Starting udev Coldplug all Devices...
         Starting Flush Journal to Persistent Storage...
         Starting Load/Save Random Seed...
[[0;32m  OK  [0m] Mounted FUSE Control File System.
[[0;32m  OK  [0m] Started Monitoring of LVM2 mirrors,...ng dmeventd or progress polling.
[   25.091285] systemd-journald[385]: Received request to flush runtime journal from PID 1
[[0;32m  OK  [0m] Reached target Local File Systems (Pre).
[[0;32m  OK  [0m] Reached target Local File Systems.
         Starting Commit a transient machine-id on disk...
         Starting Initial cloud-init job (pre-networking)...
         Starting LSB: AppArmor initialization...
         Starting Set console font and keymap...
         Starting Tell Plymouth To Write Out Runtime Data...
[[0;32m  OK  [0m] Started Flush Journal to Persistent Storage.
[[0;32m  OK  [0m] Started Load/Save Random Seed.
[[0;32m  OK  [0m] Started Apply Kernel Variables.
[[0;32m  OK  [0m] Started Commit a transient machine-id on disk.
         Starting Create Volatile Files and Directories...
[[0;32m  OK  [0m] Started udev Coldplug all Devices.
[[0;32m  OK  [0m] Started Create Volatile Files and Directories.
         Starting Update UTMP about System Boot/Shutdown...
[[0;32m  OK  [0m] Started Tell Plymouth To Write Out Runtime Data.
[[0;32m  OK  [0m] Started Update UTMP about System Boot/Shutdown.
[[0;32m  OK  [0m] Started udev Kernel Device Manager.
[[0;32m  OK  [0m] Started Dispatch Password Requests to Console Directory Watch.
[[0;32m  OK  [0m] Found device /dev/ttyS0.
[[0;32m  OK  [0m] Listening on Load/Save RF Kill Switch Status /dev/rfkill Watch.
[[0;32m  OK  [0m] Started LSB: AppArmor initialization.
         Starting Load AppArmor profiles managed internally by snapd...
[[0;32m  OK  [0m] Started Load AppArmor profiles managed internally by snapd.
[[0;32m  OK  [0m] Started Set console font and keymap.
[[0;32m  OK  [0m] Created slice system-getty.slice.
[   35.179586] cloud-init[474]: Cloud-init v. 21.1-19-gbad84ad4-0ubuntu1~16.04.2 running 'init-local' at Fri, 24 Mar 2023 01:06:11 +0000. Up 33.72 seconds.
[[0;32m  OK  [0m] Started Initial cloud-init job (pre-networking).
[[0;32m  OK  [0m] Reached target Network (Pre).
         Starting Raise network interfaces...
[[0;32m  OK  [0m] Started Raise network interfaces.
[[0;32m  OK  [0m] Reached target Network.
         Starting Initial cloud-init job (metadata service crawler)...
[   40.133262] cloud-init[971]: Cloud-init v. 21.1-19-gbad84ad4-0ubuntu1~16.04.2 running 'init' at Fri, 24 Mar 2023 01:06:14 +0000. Up 36.92 seconds.
[   40.147388] cloud-init[971]: ci-info: ++++++++++++++++++++++++++++++++++++++Net device info+++++++++++++++++++++++++++++++++++++++
[   40.160659] cloud-init[971]: ci-info: +--------+-------+----------------------------+---------------+--------+-------------------+
[   40.172380] cloud-init[971]: ci-info: | Device |   Up  |          Address           |      Mask     | Scope  |     Hw-Address    |
[   40.181333] cloud-init[971]: ci-info: +--------+-------+----------------------------+---------------+--------+-------------------+
[   40.194592] cloud-init[971]: ci-info: | enp0s3 |  True |         10.0.2.15          | 255.255.255.0 | global | 02:be:82:6b:cc:1d |
[   40.209310] cloud-init[971]: ci-info: | enp0s3 |  True | fe80::be:82ff:fe6b:cc1d/64 |       .       |  link  | 02:be:82:6b:cc:1d |
[   40.221516] cloud-init[971]: ci-info: | enp0s8 | False |             .              |       .       |   .    | 08:00:27:c5:72:6b |
[   40.233943] cloud-init[971]: ci-info: |   lo   |  True |         127.0.0.1          |   255.0.0.0   |  host  |         .         |
[   40.246198] cloud-init[971]: ci-info: |   lo   |  True |          ::1/128           |       .       |  host  |         .         |
[   40.259257] cloud-init[971]: ci-info: +--------+-------+----------------------------+---------------+--------+-------------------+
[   40.278355] cloud-init[971]: ci-info: +++++++++++++++++++++++++++Route IPv4 info++++++++++++++++++++++++++++
[   40.290345] cloud-init[971]: ci-info: +-------+-------------+----------+---------------+-----------+-------+
[   40.300691] cloud-init[971]: ci-info: | Route | Destination | Gateway  |    Genmask    | Interface | Flags |
[   40.313875] cloud-init[971]: ci-info: +-------+-------------+----------+---------------+-----------+-------+
[   40.329309] cloud-init[971]: ci-info: |   0   |   0.0.0.0   | 10.0.2.2 |    0.0.0.0    |   enp0s3  |   UG  |
[   40.340497] cloud-init[971]: ci-info: |   1   |   10.0.2.0  | 0.0.0.0  | 255.255.255.0 |   enp0s3  |   U   |
[   40.349346] cloud-init[971]: ci-info: +-------+-------------+----------+---------------+-----------+-------+
[   40.361801] cloud-init[971]: ci-info: +++++++++++++++++++Route IPv6 info+++++++++++++++++++
[   40.371536] cloud-init[971]: ci-info: +-------+-------------+---------+-----------+-------+
[   40.385356] cloud-init[971]: ci-info: | Route | Destination | Gateway | Interface | Flags |
[   40.395632] cloud-init[971]: ci-info: +-------+-------------+---------+-----------+-------+
[   40.409052] cloud-init[971]: ci-info: |   0   |  fe80::/64  |    ::   |   enp0s3  |   U   |
[   40.419987] cloud-init[971]: ci-info: |   3   |   ff00::/8  |    ::   |   enp0s3  |   U   |
[   40.430626] cloud-init[971]: ci-info: +-------+-------------+---------+-----------+-------+
[   40.440327] cloud-init[971]: Generating public/private rsa key pair.
[   40.447411] cloud-init[971]: Your identification has been saved in /etc/ssh/ssh_host_rsa_key.
[   40.458130] cloud-init[971]: Your public key has been saved in /etc/ssh/ssh_host_rsa_key.pub.
[   40.473992] cloud-init[971]: The key fingerprint is:
[[0;32m  OK  [0m] Started Initial cloud-init job (metadata service crawler).
[   40.485644] [[0;32m  OK  [0m] Reached target Network is Online.
cloud-init[971]: SHA256:mQgjtNmcXpAGdLY2RR8YzAO23/e4he/ny6hMhw8hoz0 root@ubuntu-xenial
[   40.511929] cloud-init[971]: The key's randomart image is:
[   40.544744] cloud-init[971]: +---[RSA 2048]----+
[   40.563045] cloud-init[971]: | .+.**+o.        |
[   40.564683] cloud-init[971]: | . Oo*=. .       |
[   40.565462] cloud-init[971]: |  +.@ ...        |
[   40.565945] cloud-init[971]: |   + * o o       |
[   40.566456] cloud-init[971]: |    . o S o      |
         Starting iSCSI initiator daemon (iscsid)...
[[0;32m  OK  [0m] Reached target System Initialization.
[[0;32m  OK  [0m] Started Ubuntu Advantage update messaging.
[[0;32m  OK  [0m] Listening on D-Bus System Message Bus Socket.
[   40.566963] cloud-init[971]: |       o + *     |
[   40.594471] cloud-init[971]: |      . E * +    |
[   40.602136] cloud-init[971]: |         + B o.  |
[   40.610414] cloud-init[971]: |          +o=o+. |
[   40.616728] cloud-init[971]: +----[SHA256]-----+
[   40.625538] cloud-init[971]: Generating public/private dsa key pair.
[   40.630899] cloud-init[971]: Your identification has been saved in /etc/ssh/ssh_host_dsa_key.
[   40.641484] cloud-init[971]: Your public key has been saved in /etc/ssh/ssh_host_dsa_key.pub.
[   40.651903] cloud-init[971]: The key fingerprint is:
[   40.661319] cloud-init[971]: SHA256:ZiltsmNs5LCewGkrBgWeynoosD5Shas17Spoy9mwILM root@ubuntu-xenial
[   40.668025] cloud-init[971]: The key's randomart image is:
[   40.673929] cloud-init[971]: +---[DSA 1024]----+
[   40.678493] cloud-init[971]: |                 |
[   40.683333] cloud-init[971]: |.                |
[   40.690578] cloud-init[971]: |....             |
[   40.695697] cloud-init[971]: | oo .  . .       |
[   40.702621] cloud-init[971]: |o. +. + S        |
[   40.709275] cloud-init[971]: |+o=..* B         |
[   40.716434] cloud-init[971]: |OB=o. B          |
[   40.723133] cloud-init[971]: |#B*+.+ .         |
[   40.729768] cloud-init[971]: |EX=oo            |
[   40.735250] cloud-init[971]: +----[SHA256]-----+
[   40.741453] cloud-init[971]: Generating public/private ecdsa key pair.
[   40.746845] cloud-init[971]: Your identification has been saved in /etc/ssh/ssh_host_ecdsa_key.
[   40.757002] cloud-init[971]: Your public key has been saved in /etc/ssh/ssh_host_ecdsa_key.pub.
[   40.766521] cloud-init[971]: The key fingerprint is:
[   40.773188] cloud-init[971]: SHA256:3doS/uKVWQKSb95QIBTJnOKFgPSKO6OuUGgvbaelOwc root@ubuntu-xenial
[   40.780324] cloud-init[971]: The key's randomart image is:
[   40.790994] cloud-init[971]: +---[ECDSA 256]---+
[   40.797276] cloud-init[971]: | ..... =++.      |
[   40.804749] cloud-init[971]: |  ..  o *o .     |
[   40.810344] cloud-init[971]: |    .. oo . .    |
[   40.815117] cloud-init[971]: | o .  .  + +     |
[   40.821367] cloud-init[971]: |o.o     S * o .  |
[   40.827172] cloud-init[971]: |.ooE     + * =   |
[   40.836143] cloud-init[971]: |=. +.o    = *    |
[   40.843097] cloud-init[971]: |ooo.=.    .+     |
[   40.853049]          Starting LXD - unix socket.
[[0;32m  OK  [0m] Started Daily apt download activities.
[[0;32m  OK  [0m] Started Daily apt upgrade and clean activities.
[[0;32m  OK  [0m] Started Daily Cleanup of Temporary Directories.
[[0;32m  OK  [0m] Listening on UUID daemon activation socket.
         Starting Socket activation for snappy daemon.
[[0;32m  OK  [0m] Listening on ACPID Listen Socket.
cloud-init[971]: |=. ++    ....    |
[   40.889463] cloud-init[971]: +----[SHA256]-----+
[   40.901643] cloud-init[971]: Generating public/private ed25519 key pair.
[   40.917633] cloud-init[971]: Your identification has been saved in /etc/ssh/ssh_host_ed25519_key.
[   40.938671] cloud-init[971]: Your public key has been saved in /etc/ssh/ssh_host_ed25519_key.pub.
[   40.954239] cloud-init[971]: The key fingerprint is:
[   40.973824] cloud-init[971]: SHA256:XWSP1oIXDaPkkcRkKCZEIcPih1BAaQoFLuCH2n9JGWg root@ubuntu-xenial
[   40.991257] cloud-init[971]: The key's randomart image is:
[   41.005167] cloud-init[971]: +--[ED25519 256]--+
[   41.015109] cloud-init[971]: |=B*o+.   =*.*o   |
[   41.026931] cloud-init[971]: |Booo..o .+o* *.  |
[   41.041884] cloud-init[971]: |B=..Eo..  + * o  |
[   41.053953] cloud-init[971]: |++.o   o . + .   |
[   41.075041] cloud-init[971]: |. o   o S .      |
[   41.089328] cloud-init[971]: |   . . .         |
[   41.107433] cloud-init[971]: |    . o          |
[   41.120668] cloud-init[971]: |     .           |
[   41.132214] cloud-init[971]: |                 |
[   41.151464] cloud-init[971]: +----[SHA256]-----+
[[0;32m  OK  [0m] Started ACPI Events Check.
[[0;32m  OK  [0m] Reached target Paths.
[[0;32m  OK  [0m] Started Message of the Day.
[[0;32m  OK  [0m] Reached target Timers.
[[0;32m  OK  [0m] Reached target Cloud-config availability.
[[0;32m  OK  [0m] Listening on LXD - unix socket.
[[0;32m  OK  [0m] Listening on Socket activation for snappy daemon.
[[0;32m  OK  [0m] Reached target Sockets.
[[0;32m  OK  [0m] Reached target Basic System.
[[0;32m  OK  [0m] Started Deferred execution scheduler.
         Starting Login Service...
[[0;32m  OK  [0m] Started FUSE filesystem for LXC.
         Starting LSB: MD monitoring daemon...
[[0;32m  OK  [0m] Started ACPI event daemon.
         Starting Snap Daemon...
         Starting Pollinate to seed the pseudo random number generator...
         Starting Virtualbox guest utils...
         Starting Accounts Service...
[[0;32m  OK  [0m] Started D-Bus System Message Bus.
         Starting System Logging Service...
         Starting LSB: Record successful boot for GRUB...
[[0;32m  OK  [0m] Started Regular background program processing daemon.
         Starting /etc/rc.local Compatibility...
         Starting LXD - container startup/shutdown...
[[0;32m  OK  [0m] Started /etc/rc.local Compatibility.
[[0;32m  OK  [0m] Started Login Service.
[[0;32m  OK  [0m] Started Unattended Upgrades Shutdown.
[[0;32m  OK  [0m] Started iSCSI initiator daemon (iscsid).
         Starting Login to default iSCSI targets...
[[0;32m  OK  [0m] Started LSB: MD monitoring daemon.
[[0;32m  OK  [0m] Started LSB: Record successful boot for GRUB.
         Starting Authenticate and Authorize Users to Run Privileged Tasks...
[[0;32m  OK  [0m] Started System Logging Service.
[[0;32m  OK  [0m] Started Login to default iSCSI targets.
[[0;32m  OK  [0m] Reached target Remote File Systems (Pre).
[[0;32m  OK  [0m] Reached target Remote File Systems.
         Starting LSB: automatic crash report generation...
         Starting Permit User Sessions...
         Starting LSB: daemon to balance interrupts for SMP systems...
         Starting LSB: Set the CPU Frequency Scaling governor to "ondemand"...
[[0;32m  OK  [0m] Started LSB: Set the CPU Frequency Scaling governor to "ondemand".
[[0;32m  OK  [0m] Started Permit User Sessions.
         Starting Hold until boot process finishes up...
         Starting Terminate Plymouth Boot Screen...
[[0;32m  OK  [0m] Started LSB: daemon to balance interrupts for SMP systems.
[[0;32m  OK  [0m] Started Hold until boot process finishes up.
[[0;32m  OK  [0m] Started Terminate Plymouth Boot Screen.
         Starting Set console scheme...
[[0;32m  OK  [0m] Started Getty on tty1.
[[0;32m  OK  [0m] Started Serial Getty on ttyS0.
[[0;32m  OK  [0m] Reached target Login Prompts.
[[0;32m  OK  [0m] Started Set console scheme.
[[0;32m  OK  [0m] Started Virtualbox guest utils.
[[0;32m  OK  [0m] Started Authenticate and Authorize Users to Run Privileged Tasks.
[[0;32m  OK  [0m] Started LSB: automatic crash report generation.
[[0;32m  OK  [0m] Started Accounts Service.
[[0;32m  OK  [0m] Started Pollinate to seed the pseudo random number generator.
         Starting OpenBSD Secure Shell server...
[[0;32m  OK  [0m] Started LXD - container startup/shutdown.
[[0;32m  OK  [0m] Started OpenBSD Secure Shell server.
[[0;32m  OK  [0m] Started Snap Daemon.
         Starting Wait until snapd is fully seeded...
[[0;32m  OK  [0m] Created slice User Slice of vagrant.
         Starting User Manager for UID 1000...
[[0;32m  OK  [0m] Started Session 1 of user vagrant.
[[0;32m  OK  [0m] Started User Manager for UID 1000.

Ubuntu 16.04.7 LTS ubuntu-xenial ttyS0

ubuntu-xenial login: [   53.621716] cloud-init[1444]: Generating locales (this might take a while)...
[   56.435726] cloud-init[1444]:   en_US.UTF-8... done
[   56.438686] cloud-init[1444]: Generation complete.
[   60.015771] cloud-init[1444]: Cloud-init v. 21.1-19-gbad84ad4-0ubuntu1~16.04.2 running 'modules:config' at Fri, 24 Mar 2023 01:06:30 +0000. Up 52.85 seconds.
ci-info: no authorized SSH keys fingerprints found for user ubuntu.
<14>Mar 24 01:06:38 ec2: 
<14>Mar 24 01:06:38 ec2: #############################################################
<14>Mar 24 01:06:38 ec2: -----BEGIN SSH HOST KEY FINGERPRINTS-----
<14>Mar 24 01:06:38 ec2: 1024 SHA256:ZiltsmNs5LCewGkrBgWeynoosD5Shas17Spoy9mwILM root@ubuntu-xenial (DSA)
<14>Mar 24 01:06:38 ec2: 256 SHA256:3doS/uKVWQKSb95QIBTJnOKFgPSKO6OuUGgvbaelOwc root@ubuntu-xenial (ECDSA)
<14>Mar 24 01:06:38 ec2: 256 SHA256:XWSP1oIXDaPkkcRkKCZEIcPih1BAaQoFLuCH2n9JGWg root@ubuntu-xenial (ED25519)
<14>Mar 24 01:06:38 ec2: 2048 SHA256:mQgjtNmcXpAGdLY2RR8YzAO23/e4he/ny6hMhw8hoz0 root@ubuntu-xenial (RSA)
<14>Mar 24 01:06:38 ec2: -----END SSH HOST KEY FINGERPRINTS-----
<14>Mar 24 01:06:38 ec2: #############################################################
-----BEGIN SSH HOST KEY KEYS-----
ecdsa-sha2-nistp256 AAAAE2VjZHNhLXNoYTItbmlzdHAyNTYAAAAIbmlzdHAyNTYAAABBBDtzQkzA9l757b0yQB40yWgC/SfJK/l9WL7qRlO83SQyIhbBJd1ZumYWF9zG86QKoKLrnMIEcks68tG9ax6VWm4= root@ubuntu-xenial
ssh-ed25519 AAAAC3NzaC1lZDI1NTE5AAAAIEp+OXbNExaStiBxvCX8olBqdL6gt9rgSb8LidmCJ6VI root@ubuntu-xenial
ssh-rsa AAAAB3NzaC1yc2EAAAADAQABAAABAQDD8Io4PMTYUqNlotBcu13kmtnoVLDJY9QrzMSc5GJVW+abyQe4w2cBsiK9e3iN1sCJjCCV0Sns7jW1KgZEMB6SmQVJQGa9Hnh/CGFRGOwVVXiNNuIGAkURpfdlnWwq2r/aakMxLBtBZz1hla7rVwbVo3PzXlPww84NyytPeXVEioWgwBh3VlOKqoaAIzTjYZdo37UDGJzZW84J3VHTaSip7iaCmAImI5x7lHsJOEMGLptZzGmTB0pk8gBKAylhFtX1FHouuAbYINyZ/pcuCo0d0PP6VjNVrRGwHjRdo78z3xSB9vbs+ElCXJj+7qsI+ty3pPn9lqV4yRVXim4iZQUx root@ubuntu-xenial
-----END SSH HOST KEY KEYS-----
[   61.405837] cloud-init[1598]: Cloud-init v. 21.1-19-gbad84ad4-0ubuntu1~16.04.2 running 'modules:final' at Fri, 24 Mar 2023 01:06:38 +0000. Up 60.81 seconds.
[   61.437863] cloud-init[1598]: ci-info: no authorized SSH keys fingerprints found for user ubuntu.
[   61.454478] cloud-init[1598]: Cloud-init v. 21.1-19-gbad84ad4-0ubuntu1~16.04.2 finished at Fri, 24 Mar 2023 01:06:39 +0000. Datasource DataSourceNoCloud [seed=/dev/sdb][dsmode=net].  Up 61.32 seconds
